<?xml version="1.0" encoding="UTF-8"?><TestSessionContainer xmlns="http://www.codecover.org/xml/testsession-container" Date="1416943447399" TestSessionContainerId="66202a4b-8a32-449f-8da1-8eea3155e8e1" version="1.0">
<SrcFileList>
<SrcFile Content="package tictactoe.View;&#13;&#10;&#13;&#10;import tictactoe.Model.Field;&#13;&#10;import tictactoe.Model.FieldState;&#13;&#10;&#13;&#10;public class View {&#13;&#10;&#13;&#10;&#9;public View() {&#13;&#10;&#9;&#9;&#13;&#10;&#9;}&#13;&#10;&#9;&#13;&#10;&#9;public void askForColumn() {&#13;&#10;&#9;&#9;System.out.print(&quot;Enter Column: &quot;);&#13;&#10;&#9;}&#13;&#10;&#9;&#13;&#10;&#9;public void askForRow() {&#13;&#10;&#9;&#9;System.out.print(&quot;Enter Row: &quot;);&#13;&#10;&#9;}&#13;&#10;&#9;&#13;&#10;&#9;public void notifyPlayer() {&#13;&#10;&#9;&#9;System.out.println(&quot;It's your turn: &quot;);&#13;&#10;&#9;}&#13;&#10;&#9;&#13;&#10;&#9;public void printFieldState(FieldState fs) {&#13;&#10;&#9;&#9;if(fs == null)&#13;&#10;&#9;&#9;&#9;throw new IllegalArgumentException(&quot;Invalid Input!&quot;);&#13;&#10;&#9;&#9;switch(fs) {&#13;&#10;&#9;&#9;case Circle: System.out.print(&quot;O &quot;); break;&#13;&#10;&#9;&#9;case Cross: System.out.print(&quot;X &quot;); break;&#13;&#10;&#9;&#9;case Empty: System.out.print(&quot;  &quot;); break;&#13;&#10;&#9;&#9;}&#13;&#10;&#9;}&#13;&#10;&#9;&#13;&#10;&#9;public void drawBoard(Field[][] board) {&#13;&#10;&#9;&#9;if(board == null)&#13;&#10;&#9;&#9;&#9;throw new IllegalArgumentException(&quot;Invalid Input!&quot;);&#13;&#10;&#9;&#9;for(int y = 0; y&lt;board.length; y++) {&#13;&#10;&#9;&#9;&#9;for(int x = 0; x&lt;board[y].length; x++) {&#13;&#10;&#9;&#9;&#9;&#9;printFieldState(board[y][x].getValue());&#13;&#10;&#9;&#9;&#9;}&#13;&#10;&#9;&#9;&#9;System.out.print(&quot;\n&quot;);&#13;&#10;&#9;&#9;}&#13;&#10;&#9;}&#13;&#10;&#9;&#13;&#10;&#9;public void printTie() {&#13;&#10;&#9;&#9;System.out.println(&quot;The match is a tie. A new game has been started.&quot;);&#13;&#10;&#9;}&#13;&#10;&#9;&#13;&#10;&#9;public void printError() {&#13;&#10;&#9;&#9;System.out.println(&quot;Wrong Input please try again.&quot;);&#13;&#10;&#9;}&#13;&#10;&#9;&#13;&#10;&#9;public void printWinner(boolean playerWon) {&#13;&#10;&#9;&#9;if(playerWon)&#13;&#10;&#9;&#9;&#9;System.out.println(&quot;You won the game. A new game has been started.&quot;);&#13;&#10;&#9;&#9;else&#13;&#10;&#9;&#9;&#9;System.out.println(&quot;You lost the game. A new game has been started.&quot;);&#13;&#10;&#9;}&#13;&#10;&#9;&#13;&#10;}&#13;&#10;" Filename="View.java" Intrnl_Id="1"/>
<SrcFile Content="package tictactoe;&#13;&#10;&#13;&#10;import tictactoe.Controller.Game;&#13;&#10;import tictactoe.View.View;&#13;&#10;&#13;&#10;public class TicTacToeMain {&#13;&#10;&#9;&#13;&#10;&#9;public static void main(String[] args) {&#13;&#10;&#9;&#9;new TicTacToeMain().launch(new Game(new View()));&#13;&#10;&#9;}&#13;&#10;&#9;&#13;&#10;&#9;public void launch(Game g) {&#13;&#10;&#9;&#9;while(g.isPlaying())&#13;&#10;&#9;&#9;&#9;g.play();&#13;&#10;&#9;}&#13;&#10;&#9;&#13;&#10;}&#13;&#10;" Filename="TicTacToeMain.java" Intrnl_Id="2"/>
<SrcFile Content="package tictactoe.Model;&#13;&#10;&#13;&#10;public enum FieldState {&#13;&#10;&#9;Empty,&#13;&#10;&#9;Cross,&#13;&#10;&#9;Circle;&#13;&#10;}&#13;&#10;" Filename="FieldState.java" Intrnl_Id="3"/>
<SrcFile Content="package tictactoe.Model;&#13;&#10;&#13;&#10;&#13;&#10;public class Field {&#13;&#10;&#9;&#13;&#10;&#9;private FieldState state;&#13;&#10;&#9;&#13;&#10;&#9;public Field() {&#13;&#10;&#9;&#9;setValue(FieldState.Empty);&#13;&#10;&#9;}&#13;&#10;&#9;&#13;&#10;&#9;public Field(FieldState fs) {&#13;&#10;&#9;&#9;if(fs == null) {&#13;&#10;&#9;&#9;&#9;throw new IllegalArgumentException(&quot;Invalid FieldState!&quot;);&#13;&#10;&#9;&#9;}&#13;&#10;&#9;&#9;setValue(fs);&#13;&#10;&#9;}&#13;&#10;&#9;&#13;&#10;&#9;public FieldState getValue() {&#13;&#10;&#9;&#9;return state;&#13;&#10;&#9;}&#13;&#10;&#9;&#13;&#10;&#9;public void setValue(FieldState fs) {&#13;&#10;&#9;&#9;state = fs;&#13;&#10;&#9;}&#13;&#10;&#9;&#13;&#10;}&#13;&#10;" Filename="Field.java" Intrnl_Id="4"/>
<SrcFile Content="package tictactoe.Model;&#13;&#10;&#13;&#10;import static org.junit.Assert.assertEquals;&#13;&#10;&#13;&#10;public class Board {&#13;&#10;&#9;&#13;&#10;&#9;private Field[][] fields;&#13;&#10;&#9;&#13;&#10;&#9;public Board() {&#13;&#10;&#9;&#9;fields = new Field[3][3];&#13;&#10;&#9;&#9;clear();&#13;&#10;&#9;}&#13;&#10;&#9;&#13;&#10;&#9;public Field getField(int x, int y) {&#13;&#10;&#9;&#9;if(x&lt;0 || y&lt;0 || x&gt;2 || y&gt;2)&#13;&#10;&#9;&#9;&#9;throw new IllegalArgumentException();&#13;&#10;&#9;&#9;return fields[x][y];&#13;&#10;&#9;}&#13;&#10;&#9;&#13;&#10;&#9;public void clear() {&#13;&#10;&#9;&#9;for(int x=0;x&lt;3;x++) {&#13;&#10;&#9;&#9;&#9;for(int y=0;y&lt;3;y++) &#13;&#10;&#9;&#9;&#9;&#9;fields[x][y] = new Field();&#13;&#10;&#9;&#9;}&#13;&#10;&#9;}&#13;&#10;&#9;&#13;&#10;&#9;public Field[][] getBoardArray() {&#13;&#10;&#9;&#9;return fields;&#13;&#10;&#9;}&#13;&#10;}&#13;&#10;" Filename="Board.java" Intrnl_Id="5"/>
<SrcFile Content="package tictactoe.Controller;&#13;&#10;&#13;&#10;import java.util.Random;&#13;&#10;import java.util.Scanner;&#13;&#10;&#13;&#10;import tictactoe.Model.Board;&#13;&#10;import tictactoe.Model.FieldState;&#13;&#10;import tictactoe.View.View;&#13;&#10;&#13;&#10;public class Game {&#13;&#10;&#13;&#10;&#9;private Board board;&#13;&#10;&#9;private View view;&#13;&#10;&#9;private boolean playing;&#13;&#10;&#9;private Scanner scan;&#13;&#10;&#9;&#13;&#10;&#9;public Game(View v) {&#13;&#10;&#9;&#9;view = v;&#13;&#10;&#9;&#9;board = new Board();&#13;&#10;&#9;&#9;playing = true;&#13;&#10;&#9;&#9;scan = new Scanner(System.in);&#13;&#10;&#9;}&#13;&#10;&#9;&#13;&#10;&#9;public boolean play() {&#13;&#10;&#9;&#9;view.drawBoard(board.getBoardArray());&#13;&#10;&#9;&#9;view.notifyPlayer();&#13;&#10;&#9;&#9;view.askForColumn();&#13;&#10;&#9;&#9;int inCol = -1;&#13;&#10;&#9;&#9;int inRow = -1;&#13;&#10;&#9;&#9;try {&#13;&#10;&#9;&#9;&#9;inCol = getInput();&#13;&#10;&#9;&#9;} catch(IllegalArgumentException e) {&#13;&#10;&#9;&#9;&#9;view.printError();&#13;&#10;&#9;&#9;&#9;return false;&#13;&#10;&#9;&#9;}&#13;&#10;&#9;&#9;view.askForRow();&#13;&#10;&#9;&#9;try {&#13;&#10;&#9;&#9;&#9;inRow = getInput();&#13;&#10;&#9;&#9;} catch(IllegalArgumentException e) {&#13;&#10;&#9;&#9;&#9;view.printError();&#13;&#10;&#9;&#9;&#9;return false;&#13;&#10;&#9;&#9;}&#13;&#10;&#9;&#9;try{&#13;&#10;&#9;&#9;setField(inRow,inCol,FieldState.Circle);&#13;&#10;&#9;&#9;} catch (IllegalArgumentException e) {&#13;&#10;&#9;&#9;&#9;view.printError();&#13;&#10;&#9;&#9;&#9;return false;&#13;&#10;&#9;&#9;}&#13;&#10;&#9;&#9;if(checkForWin()) {&#13;&#10;&#9;&#9;&#9;view.printWinner(true);&#13;&#10;&#9;&#9;&#9;view.drawBoard(board.getBoardArray());&#13;&#10;&#9;&#9;&#9;clearBoard();&#13;&#10;&#9;&#9;&#9;return true;&#13;&#10;&#9;&#9;}&#13;&#10;&#9;&#9;if(isTie()) {&#13;&#10;&#9;&#9;&#9;view.printTie();&#13;&#10;&#9;&#9;&#9;clearBoard();&#13;&#10;&#9;&#9;&#9;return true;&#13;&#10;&#9;&#9;}&#13;&#10;&#9;&#9;doAITurn();&#13;&#10;&#9;&#9;if(checkForWin()) {&#13;&#10;&#9;&#9;&#9;view.printWinner(false);&#13;&#10;&#9;&#9;&#9;view.drawBoard(board.getBoardArray());&#13;&#10;&#9;&#9;&#9;clearBoard();&#13;&#10;&#9;&#9;}&#13;&#10;&#9;&#9;return true;&#13;&#10;&#9;}&#13;&#10;&#9;&#13;&#10;&#9;public int getInput() {&#13;&#10;&#9;&#9;int output = -1;&#13;&#10;&#9;&#9;if(scan.hasNextInt())&#13;&#10;&#9;&#9;&#9;output = scan.nextInt();&#13;&#10;&#9;&#9;if(output &lt;= 0 || output &gt; 3)&#13;&#10;&#9;&#9;&#9;throw new IllegalArgumentException();&#13;&#10;&#9;&#9;&#13;&#10;&#9;&#9;return output;&#13;&#10;&#9;}&#13;&#10;&#9;&#13;&#10;&#9;public Scanner getScanner() {&#13;&#10;&#9;&#9;return scan;&#13;&#10;&#9;}&#13;&#10;&#9;&#13;&#10;&#9;public void setScanner(Scanner s) {&#13;&#10;&#9;&#9;scan = s;&#13;&#10;&#9;}&#13;&#10;&#9;&#13;&#10;&#9;public boolean isFieldFree(int x, int y) {&#13;&#10;&#9;&#9;return board.getField(x, y).getValue() == FieldState.Empty;&#13;&#10;&#9;}&#13;&#10;&#9;&#13;&#10;&#9;public void setPlaying(boolean b) {&#13;&#10;&#9;&#9;playing = b;&#13;&#10;&#9;}&#13;&#10;&#9;&#13;&#10;&#9;public boolean isPlaying() {&#13;&#10;&#9;&#9;return playing;&#13;&#10;&#9;}&#13;&#10;&#9;&#13;&#10;&#9;public void clearBoard() {&#13;&#10;&#9;&#9;board.clear();&#13;&#10;&#9;}&#13;&#10;&#9;&#13;&#10;&#9;public Board getBoard() {&#13;&#10;&#9;&#9;return board;&#13;&#10;&#9;}&#13;&#10;&#9;&#13;&#10;&#9;public void setField(int x, int y, FieldState fs) {&#13;&#10;&#9;&#9;x--;&#13;&#10;&#9;&#9;y--;&#13;&#10;&#9;&#9;if(!isFieldFree(x,y))&#13;&#10;&#9;&#9;&#9;throw new IllegalArgumentException();&#13;&#10;&#9;&#9;board.getField(x, y).setValue(fs);&#13;&#10;&#9;}&#13;&#10;&#9;&#13;&#10;&#9;public void doAITurn() {&#13;&#10;&#9;&#9;Random rand = new Random();&#13;&#10;&#9;&#9;int randX;&#13;&#10;&#9;&#9;int randY;&#13;&#10;&#9;&#9;do{&#13;&#10;&#9;&#9;&#9;randX = rand.nextInt(3);&#13;&#10;&#9;&#9;&#9;randX++;&#13;&#10;&#9;&#9;&#9;randY = rand.nextInt(3);&#13;&#10;&#9;&#9;&#9;randY++;&#13;&#10;&#9;&#9;&#9;try {&#13;&#10;&#9;&#9;&#9;&#9;setField(randX,randY,FieldState.Cross);&#13;&#10;&#9;&#9;&#9;&#9;break;&#13;&#10;&#9;&#9;&#9;} catch(IllegalArgumentException e) {&#13;&#10;&#9;&#9;&#9;&#9;&#13;&#10;&#9;&#9;&#9;}&#13;&#10;&#9;&#9;} while(true);&#13;&#10;&#9;}&#13;&#10;&#9;&#13;&#10;&#9;public boolean checkForWin() {&#13;&#10;&#9;&#9;for(int i=0;i&lt;3;i++) {&#13;&#10;&#9;&#9;&#9;if(board.getField(i, 0).getValue() == board.getField(i, 1).getValue() &#13;&#10;&#9;&#9;&#9;&amp;&amp; board.getField(i, 1).getValue() == board.getField(i, 2).getValue() &#13;&#10;&#9;&#9;&#9;&amp;&amp; board.getField(i, 0).getValue() != FieldState.Empty)&#13;&#10;&#9;&#9;&#9;&#9;return true;&#13;&#10;&#9;&#9;} &#13;&#10;&#9;&#9;for(int i=0;i&lt;3;i++) {&#13;&#10;&#9;&#9;&#9;if(board.getField(0, i).getValue() == board.getField(1, i).getValue() &#13;&#10;&#9;&#9;&#9;&amp;&amp; board.getField(1, i).getValue() == board.getField(2, i).getValue() &#13;&#10;&#9;&#9;&#9;&amp;&amp; board.getField(0, i).getValue() != FieldState.Empty)&#13;&#10;&#9;&#9;return true;&#13;&#10;&#9;&#9;}&#13;&#10;&#9;&#9;&#13;&#10;&#9;&#9;if(board.getField(0, 0).getValue() == board.getField(1, 1).getValue() &#13;&#10;&#9;&#9;&amp;&amp; board.getField(1, 1).getValue() == board.getField(2, 2).getValue()&#13;&#10;&#9;&#9;&amp;&amp; board.getField(1, 1).getValue() != FieldState.Empty)&#13;&#10;&#9;&#9;&#9;return true;&#13;&#10;&#9;&#9;&#13;&#10;&#9;&#9;if(board.getField(0, 2).getValue() == board.getField(1, 1).getValue() &#13;&#10;&#9;&#9;&amp;&amp; board.getField(1, 1).getValue() == board.getField(2, 0).getValue()&#13;&#10;&#9;&#9;&amp;&amp; board.getField(1, 1).getValue() != FieldState.Empty)&#13;&#10;&#9;&#9;&#9;return true;&#13;&#10;&#9;&#9;&#13;&#10;&#9;&#9;return false;&#13;&#10;&#9;}&#13;&#10;&#9;&#13;&#10;&#9;public boolean isTie() {&#13;&#10;&#9;&#9;for(int y=0;y&lt;3;y++) {&#13;&#10;&#9;&#9;&#9;for(int x=0;x&lt;3;x++) {&#13;&#10;&#9;&#9;&#9;&#9;if(board.getField(x, y).getValue() == FieldState.Empty)&#13;&#10;&#9;&#9;&#9;&#9;&#9;return false;&#13;&#10;&#9;&#9;&#9;}&#13;&#10;&#9;&#9;}&#13;&#10;&#9;&#9;if(checkForWin()) {&#13;&#10;&#9;&#9;&#9;return false;&#13;&#10;&#9;&#9;}&#13;&#10;&#9;&#9;else&#13;&#10;&#9;&#9;&#9;return true;&#13;&#10;&#9;}&#13;&#10;&#9;&#13;&#10;}&#13;&#10;" Filename="Game.java" Intrnl_Id="6"/>
</SrcFileList>
<CritList>
<CritListEntry Name="org.codecover.model.utils.criteria.LoopCoverage" PluginName="org.codecover"/>
<CritListEntry Name="org.codecover.model.utils.criteria.QMOCoverage" PluginName="org.codecover"/>
<CritListEntry Name="org.codecover.model.utils.criteria.ConditionCoverage" PluginName="org.codecover"/>
<CritListEntry Name="org.codecover.model.utils.criteria.BranchCoverage" PluginName="org.codecover"/>
<CritListEntry Name="org.codecover.model.utils.criteria.SynchronizedStatementCoverage" PluginName="org.codecover"/>
<CritListEntry Name="org.codecover.model.utils.criteria.StatementCoverage" PluginName="org.codecover"/>
</CritList>
<BoolOpList>
<BoolOp Arity="2" Intrnl_Id="7" Name="conditional and (&amp;&amp;)">
<BoolAssgnmntBoolMapList>
<MapEntry BoolAssgnmnt="02" Value="false"/>
<MapEntry BoolAssgnmnt="10" Value="false"/>
<MapEntry BoolAssgnmnt="11" Value="true"/>
</BoolAssgnmntBoolMapList>
</BoolOp>
<BoolOp Arity="2" Intrnl_Id="8" Name="conditional or (||)">
<BoolAssgnmntBoolMapList>
<MapEntry BoolAssgnmnt="00" Value="false"/>
<MapEntry BoolAssgnmnt="01" Value="true"/>
<MapEntry BoolAssgnmnt="12" Value="true"/>
</BoolAssgnmntBoolMapList>
</BoolOp>
<BoolOp Arity="1" Intrnl_Id="9" Name="not (!)">
<BoolAssgnmntBoolMapList>
<MapEntry BoolAssgnmnt="1" Value="false"/>
<MapEntry BoolAssgnmnt="0" Value="true"/>
</BoolAssgnmntBoolMapList>
</BoolOp>
</BoolOpList>
<HierarchyLvlTypeList>
<HierarchyLvlType EnglishName="enumeration" IntrnlName="enum" Intrnl_Id="10"/>
<HierarchyLvlType EnglishName="package" IntrnlName="package" Intrnl_Id="11"/>
<HierarchyLvlType EnglishName="method" IntrnlName="method" Intrnl_Id="12"/>
<HierarchyLvlType EnglishName="class" IntrnlName="class" Intrnl_Id="13"/>
<HierarchyLvlType EnglishName="default package" IntrnlName="default package" Intrnl_Id="14"/>
</HierarchyLvlTypeList>
<MASTRoot>
<HierarchyLvl HierarchyLvlId="44" HierarchyLvlTypeId="14" Intrnl_Id="15" Name="default package">
<Header/>
<LocList/>
<HierarchyLvl HierarchyLvlId="43" HierarchyLvlTypeId="11" Intrnl_Id="16" Name="tictactoe">
<Header/>
<LocList/>
<HierarchyLvl HierarchyLvlId="40" HierarchyLvlTypeId="11" Intrnl_Id="17" Name="View">
<Header/>
<LocList/>
<HierarchyLvl HierarchyLvlId="10" HierarchyLvlTypeId="13" Intrnl_Id="18" Name="View">
<Header>
<Loc EndOffset="113" SrcFileId="1" StartOffset="96"/>
</Header>
<LocList>
<Loc EndOffset="1397" SrcFileId="1" StartOffset="96"/>
</LocList>
<HierarchyLvl HierarchyLvlId="1" HierarchyLvlTypeId="12" Intrnl_Id="19" Name="View">
<Header>
<Loc EndOffset="133" SrcFileId="1" StartOffset="120"/>
</Header>
<LocList>
<Loc EndOffset="143" SrcFileId="1" StartOffset="120"/>
</LocList>
</HierarchyLvl>
<HierarchyLvl HierarchyLvlId="2" HierarchyLvlTypeId="12" Intrnl_Id="20" Name="askForColumn">
<Header>
<Loc EndOffset="175" SrcFileId="1" StartOffset="149"/>
</Header>
<LocList>
<Loc EndOffset="220" SrcFileId="1" StartOffset="149"/>
</LocList>
<StmntSeq Intrnl_Id="21">
<LocList>
<Loc EndOffset="216" SrcFileId="1" StartOffset="181"/>
</LocList>
<BasicStmnt CovItemId="S1" CovItemPrefix="tictactoe.View.View.java" Intrnl_Id="22">
<LocList>
<Loc EndOffset="216" SrcFileId="1" StartOffset="181"/>
</LocList>
</BasicStmnt>
</StmntSeq>
</HierarchyLvl>
<HierarchyLvl HierarchyLvlId="3" HierarchyLvlTypeId="12" Intrnl_Id="23" Name="askForRow">
<Header>
<Loc EndOffset="249" SrcFileId="1" StartOffset="226"/>
</Header>
<LocList>
<Loc EndOffset="291" SrcFileId="1" StartOffset="226"/>
</LocList>
<StmntSeq Intrnl_Id="24">
<LocList>
<Loc EndOffset="287" SrcFileId="1" StartOffset="255"/>
</LocList>
<BasicStmnt CovItemId="S2" CovItemPrefix="tictactoe.View.View.java" Intrnl_Id="25">
<LocList>
<Loc EndOffset="287" SrcFileId="1" StartOffset="255"/>
</LocList>
</BasicStmnt>
</StmntSeq>
</HierarchyLvl>
<HierarchyLvl HierarchyLvlId="4" HierarchyLvlTypeId="12" Intrnl_Id="26" Name="notifyPlayer">
<Header>
<Loc EndOffset="323" SrcFileId="1" StartOffset="297"/>
</Header>
<LocList>
<Loc EndOffset="372" SrcFileId="1" StartOffset="297"/>
</LocList>
<StmntSeq Intrnl_Id="27">
<LocList>
<Loc EndOffset="368" SrcFileId="1" StartOffset="329"/>
</LocList>
<BasicStmnt CovItemId="S3" CovItemPrefix="tictactoe.View.View.java" Intrnl_Id="28">
<LocList>
<Loc EndOffset="368" SrcFileId="1" StartOffset="329"/>
</LocList>
</BasicStmnt>
</StmntSeq>
</HierarchyLvl>
<HierarchyLvl HierarchyLvlId="5" HierarchyLvlTypeId="12" Intrnl_Id="29" Name="printFieldState">
<Header>
<Loc EndOffset="420" SrcFileId="1" StartOffset="378"/>
</Header>
<LocList>
<Loc EndOffset="662" SrcFileId="1" StartOffset="378"/>
</LocList>
<StmntSeq Intrnl_Id="30">
<LocList>
<Loc EndOffset="498" SrcFileId="1" StartOffset="426"/>
<Loc EndOffset="658" SrcFileId="1" StartOffset="502"/>
</LocList>
<CondStmnt CovItemId="S4" CovItemPrefix="tictactoe.View.View.java" Intrnl_Id="31">
<Branch CovItemId="B1" CovItemPrefix="tictactoe.View.View.java" Implct="false" Intrnl_Id="32">
<Cond/>
<LocList>
<Loc EndOffset="498" SrcFileId="1" StartOffset="445"/>
</LocList>
<StmntSeq Intrnl_Id="33">
<LocList>
<Loc EndOffset="498" SrcFileId="1" StartOffset="445"/>
</LocList>
<BasicStmnt CovItemId="S5" CovItemPrefix="tictactoe.View.View.java" Intrnl_Id="34">
<LocList>
<Loc EndOffset="498" SrcFileId="1" StartOffset="445"/>
</LocList>
</BasicStmnt>
</StmntSeq>
</Branch>
<Branch CovItemId="B2" CovItemPrefix="tictactoe.View.View.java" Implct="true" Intrnl_Id="35">
<Cond/>
<LocList/>
<StmntSeq Intrnl_Id="36">
<LocList/>
</StmntSeq>
</Branch>
<Keyword EndOffset="428" SrcFileId="1" StartOffset="426"/>
<LocList>
<Loc EndOffset="498" SrcFileId="1" StartOffset="426"/>
</LocList>
<RootTerm CovItemId="C1" CovItemPrefix="tictactoe.View.View.java" Intrnl_Id="37">
<BasicBoolTerm Intrnl_Id="38">
<LocList>
<Loc EndOffset="439" SrcFileId="1" StartOffset="429"/>
</LocList>
</BasicBoolTerm>
</RootTerm>
</CondStmnt>
<CondStmnt CovItemId="S6" CovItemPrefix="tictactoe.View.View.java" Intrnl_Id="39">
<Branch CovItemId="B3" CovItemPrefix="tictactoe.View.View.java" Implct="false" Intrnl_Id="40">
<Cond>
<Loc EndOffset="529" SrcFileId="1" StartOffset="518"/>
</Cond>
<LocList>
<Loc EndOffset="561" SrcFileId="1" StartOffset="531"/>
</LocList>
<StmntSeq Intrnl_Id="41">
<LocList>
<Loc EndOffset="554" SrcFileId="1" StartOffset="531"/>
<Loc EndOffset="561" SrcFileId="1" StartOffset="555"/>
</LocList>
<BasicStmnt CovItemId="S7" CovItemPrefix="tictactoe.View.View.java" Intrnl_Id="42">
<LocList>
<Loc EndOffset="554" SrcFileId="1" StartOffset="531"/>
</LocList>
</BasicStmnt>
<BasicStmnt CovItemId="S8" CovItemPrefix="tictactoe.View.View.java" Intrnl_Id="43">
<LocList>
<Loc EndOffset="561" SrcFileId="1" StartOffset="555"/>
</LocList>
</BasicStmnt>
</StmntSeq>
</Branch>
<Branch CovItemId="B4" CovItemPrefix="tictactoe.View.View.java" Implct="false" Intrnl_Id="44">
<Cond>
<Loc EndOffset="575" SrcFileId="1" StartOffset="565"/>
</Cond>
<LocList>
<Loc EndOffset="607" SrcFileId="1" StartOffset="577"/>
</LocList>
<StmntSeq Intrnl_Id="45">
<LocList>
<Loc EndOffset="600" SrcFileId="1" StartOffset="577"/>
<Loc EndOffset="607" SrcFileId="1" StartOffset="601"/>
</LocList>
<BasicStmnt CovItemId="S9" CovItemPrefix="tictactoe.View.View.java" Intrnl_Id="46">
<LocList>
<Loc EndOffset="600" SrcFileId="1" StartOffset="577"/>
</LocList>
</BasicStmnt>
<BasicStmnt CovItemId="S10" CovItemPrefix="tictactoe.View.View.java" Intrnl_Id="47">
<LocList>
<Loc EndOffset="607" SrcFileId="1" StartOffset="601"/>
</LocList>
</BasicStmnt>
</StmntSeq>
</Branch>
<Branch CovItemId="B5" CovItemPrefix="tictactoe.View.View.java" Implct="false" Intrnl_Id="48">
<Cond>
<Loc EndOffset="621" SrcFileId="1" StartOffset="611"/>
</Cond>
<LocList>
<Loc EndOffset="653" SrcFileId="1" StartOffset="623"/>
</LocList>
<StmntSeq Intrnl_Id="49">
<LocList>
<Loc EndOffset="646" SrcFileId="1" StartOffset="623"/>
<Loc EndOffset="653" SrcFileId="1" StartOffset="647"/>
</LocList>
<BasicStmnt CovItemId="S11" CovItemPrefix="tictactoe.View.View.java" Intrnl_Id="50">
<LocList>
<Loc EndOffset="646" SrcFileId="1" StartOffset="623"/>
</LocList>
</BasicStmnt>
<BasicStmnt CovItemId="S12" CovItemPrefix="tictactoe.View.View.java" Intrnl_Id="51">
<LocList>
<Loc EndOffset="653" SrcFileId="1" StartOffset="647"/>
</LocList>
</BasicStmnt>
</StmntSeq>
</Branch>
<Branch CovItemId="B6" CovItemPrefix="tictactoe.View.View.java" Implct="true" Intrnl_Id="52">
<Cond/>
<LocList/>
<StmntSeq Intrnl_Id="53">
<LocList/>
</StmntSeq>
</Branch>
<Keyword EndOffset="508" SrcFileId="1" StartOffset="502"/>
<LocList>
<Loc EndOffset="658" SrcFileId="1" StartOffset="502"/>
</LocList>
</CondStmnt>
</StmntSeq>
</HierarchyLvl>
<HierarchyLvl HierarchyLvlId="6" HierarchyLvlTypeId="12" Intrnl_Id="54" Name="drawBoard">
<Header>
<Loc EndOffset="706" SrcFileId="1" StartOffset="668"/>
</Header>
<LocList>
<Loc EndOffset="962" SrcFileId="1" StartOffset="668"/>
</LocList>
<StmntSeq Intrnl_Id="55">
<LocList>
<Loc EndOffset="787" SrcFileId="1" StartOffset="712"/>
<Loc EndOffset="958" SrcFileId="1" StartOffset="791"/>
</LocList>
<CondStmnt CovItemId="S13" CovItemPrefix="tictactoe.View.View.java" Intrnl_Id="56">
<Branch CovItemId="B7" CovItemPrefix="tictactoe.View.View.java" Implct="false" Intrnl_Id="57">
<Cond/>
<LocList>
<Loc EndOffset="787" SrcFileId="1" StartOffset="734"/>
</LocList>
<StmntSeq Intrnl_Id="58">
<LocList>
<Loc EndOffset="787" SrcFileId="1" StartOffset="734"/>
</LocList>
<BasicStmnt CovItemId="S14" CovItemPrefix="tictactoe.View.View.java" Intrnl_Id="59">
<LocList>
<Loc EndOffset="787" SrcFileId="1" StartOffset="734"/>
</LocList>
</BasicStmnt>
</StmntSeq>
</Branch>
<Branch CovItemId="B8" CovItemPrefix="tictactoe.View.View.java" Implct="true" Intrnl_Id="60">
<Cond/>
<LocList/>
<StmntSeq Intrnl_Id="61">
<LocList/>
</StmntSeq>
</Branch>
<Keyword EndOffset="714" SrcFileId="1" StartOffset="712"/>
<LocList>
<Loc EndOffset="787" SrcFileId="1" StartOffset="712"/>
</LocList>
<RootTerm CovItemId="C2" CovItemPrefix="tictactoe.View.View.java" Intrnl_Id="62">
<BasicBoolTerm Intrnl_Id="63">
<LocList>
<Loc EndOffset="728" SrcFileId="1" StartOffset="715"/>
</LocList>
</BasicBoolTerm>
</RootTerm>
</CondStmnt>
<LoopStmnt CovItemId="S15" CovItemPrefix="tictactoe.View.View.java" Intrnl_Id="64" MltplExecId="L1-2" MltplExecPrefix="tictactoe.View.View.java" NvrExecId="L1-0" NvrExecPrefix="tictactoe.View.View.java" OnceExecutedId="L1-1" OnceExecutedPrefix="tictactoe.View.View.java" OptBodyExec="true">
<StmntSeq Intrnl_Id="65">
<LocList>
<Loc EndOffset="925" SrcFileId="1" StartOffset="833"/>
<Loc EndOffset="953" SrcFileId="1" StartOffset="930"/>
</LocList>
<LoopStmnt CovItemId="S16" CovItemPrefix="tictactoe.View.View.java" Intrnl_Id="66" MltplExecId="L2-2" MltplExecPrefix="tictactoe.View.View.java" NvrExecId="L2-0" NvrExecPrefix="tictactoe.View.View.java" OnceExecutedId="L2-1" OnceExecutedPrefix="tictactoe.View.View.java" OptBodyExec="true">
<StmntSeq Intrnl_Id="67">
<LocList>
<Loc EndOffset="919" SrcFileId="1" StartOffset="879"/>
</LocList>
<BasicStmnt CovItemId="S17" CovItemPrefix="tictactoe.View.View.java" Intrnl_Id="68">
<LocList>
<Loc EndOffset="919" SrcFileId="1" StartOffset="879"/>
</LocList>
</BasicStmnt>
</StmntSeq>
<Keyword EndOffset="836" SrcFileId="1" StartOffset="833"/>
<LocList>
<Loc EndOffset="925" SrcFileId="1" StartOffset="833"/>
</LocList>
<RootTerm CovItemId="C4" CovItemPrefix="tictactoe.View.View.java" Intrnl_Id="69">
<BasicBoolTerm Intrnl_Id="70">
<LocList>
<Loc EndOffset="865" SrcFileId="1" StartOffset="848"/>
</LocList>
</BasicBoolTerm>
</RootTerm>
</LoopStmnt>
<BasicStmnt CovItemId="S18" CovItemPrefix="tictactoe.View.View.java" Intrnl_Id="71">
<LocList>
<Loc EndOffset="953" SrcFileId="1" StartOffset="930"/>
</LocList>
</BasicStmnt>
</StmntSeq>
<Keyword EndOffset="794" SrcFileId="1" StartOffset="791"/>
<LocList>
<Loc EndOffset="958" SrcFileId="1" StartOffset="791"/>
</LocList>
<RootTerm CovItemId="C3" CovItemPrefix="tictactoe.View.View.java" Intrnl_Id="72">
<BasicBoolTerm Intrnl_Id="73">
<LocList>
<Loc EndOffset="820" SrcFileId="1" StartOffset="806"/>
</LocList>
</BasicBoolTerm>
</RootTerm>
</LoopStmnt>
</StmntSeq>
</HierarchyLvl>
<HierarchyLvl HierarchyLvlId="7" HierarchyLvlTypeId="12" Intrnl_Id="74" Name="printTie">
<Header>
<Loc EndOffset="990" SrcFileId="1" StartOffset="968"/>
</Header>
<LocList>
<Loc EndOffset="1071" SrcFileId="1" StartOffset="968"/>
</LocList>
<StmntSeq Intrnl_Id="75">
<LocList>
<Loc EndOffset="1067" SrcFileId="1" StartOffset="996"/>
</LocList>
<BasicStmnt CovItemId="S19" CovItemPrefix="tictactoe.View.View.java" Intrnl_Id="76">
<LocList>
<Loc EndOffset="1067" SrcFileId="1" StartOffset="996"/>
</LocList>
</BasicStmnt>
</StmntSeq>
</HierarchyLvl>
<HierarchyLvl HierarchyLvlId="8" HierarchyLvlTypeId="12" Intrnl_Id="77" Name="printError">
<Header>
<Loc EndOffset="1101" SrcFileId="1" StartOffset="1077"/>
</Header>
<LocList>
<Loc EndOffset="1163" SrcFileId="1" StartOffset="1077"/>
</LocList>
<StmntSeq Intrnl_Id="78">
<LocList>
<Loc EndOffset="1159" SrcFileId="1" StartOffset="1107"/>
</LocList>
<BasicStmnt CovItemId="S20" CovItemPrefix="tictactoe.View.View.java" Intrnl_Id="79">
<LocList>
<Loc EndOffset="1159" SrcFileId="1" StartOffset="1107"/>
</LocList>
</BasicStmnt>
</StmntSeq>
</HierarchyLvl>
<HierarchyLvl HierarchyLvlId="9" HierarchyLvlTypeId="12" Intrnl_Id="80" Name="printWinner">
<Header>
<Loc EndOffset="1211" SrcFileId="1" StartOffset="1169"/>
</Header>
<LocList>
<Loc EndOffset="1391" SrcFileId="1" StartOffset="1169"/>
</LocList>
<StmntSeq Intrnl_Id="81">
<LocList>
<Loc EndOffset="1387" SrcFileId="1" StartOffset="1217"/>
</LocList>
<CondStmnt CovItemId="S21" CovItemPrefix="tictactoe.View.View.java" Intrnl_Id="82">
<Branch CovItemId="B9" CovItemPrefix="tictactoe.View.View.java" Implct="false" Intrnl_Id="83">
<Cond/>
<LocList>
<Loc EndOffset="1304" SrcFileId="1" StartOffset="1235"/>
</LocList>
<StmntSeq Intrnl_Id="84">
<LocList>
<Loc EndOffset="1304" SrcFileId="1" StartOffset="1235"/>
</LocList>
<BasicStmnt CovItemId="S22" CovItemPrefix="tictactoe.View.View.java" Intrnl_Id="85">
<LocList>
<Loc EndOffset="1304" SrcFileId="1" StartOffset="1235"/>
</LocList>
</BasicStmnt>
</StmntSeq>
</Branch>
<Branch CovItemId="B10" CovItemPrefix="tictactoe.View.View.java" Implct="false" Intrnl_Id="86">
<Cond>
<Loc EndOffset="1312" SrcFileId="1" StartOffset="1308"/>
</Cond>
<LocList>
<Loc EndOffset="1387" SrcFileId="1" StartOffset="1317"/>
</LocList>
<StmntSeq Intrnl_Id="87">
<LocList>
<Loc EndOffset="1387" SrcFileId="1" StartOffset="1317"/>
</LocList>
<BasicStmnt CovItemId="S23" CovItemPrefix="tictactoe.View.View.java" Intrnl_Id="88">
<LocList>
<Loc EndOffset="1387" SrcFileId="1" StartOffset="1317"/>
</LocList>
</BasicStmnt>
</StmntSeq>
</Branch>
<Keyword EndOffset="1219" SrcFileId="1" StartOffset="1217"/>
<LocList>
<Loc EndOffset="1387" SrcFileId="1" StartOffset="1217"/>
</LocList>
<RootTerm CovItemId="C5" CovItemPrefix="tictactoe.View.View.java" Intrnl_Id="89">
<BasicBoolTerm Intrnl_Id="90">
<LocList>
<Loc EndOffset="1229" SrcFileId="1" StartOffset="1220"/>
</LocList>
</BasicBoolTerm>
</RootTerm>
</CondStmnt>
</StmntSeq>
</HierarchyLvl>
</HierarchyLvl>
</HierarchyLvl>
<HierarchyLvl HierarchyLvlId="41" HierarchyLvlTypeId="11" Intrnl_Id="91" Name="Model">
<Header/>
<LocList/>
<HierarchyLvl HierarchyLvlId="14" HierarchyLvlTypeId="10" Intrnl_Id="92" Name="FieldState">
<Header>
<Loc EndOffset="50" SrcFileId="3" StartOffset="28"/>
</Header>
<LocList>
<Loc EndOffset="83" SrcFileId="3" StartOffset="28"/>
</LocList>
</HierarchyLvl>
<HierarchyLvl HierarchyLvlId="19" HierarchyLvlTypeId="13" Intrnl_Id="93" Name="Field">
<Header>
<Loc EndOffset="48" SrcFileId="4" StartOffset="30"/>
</Header>
<LocList>
<Loc EndOffset="407" SrcFileId="4" StartOffset="30"/>
</LocList>
<HierarchyLvl HierarchyLvlId="15" HierarchyLvlTypeId="12" Intrnl_Id="94" Name="Field">
<Header>
<Loc EndOffset="101" SrcFileId="4" StartOffset="87"/>
</Header>
<LocList>
<Loc EndOffset="138" SrcFileId="4" StartOffset="87"/>
</LocList>
<StmntSeq Intrnl_Id="95">
<LocList>
<Loc EndOffset="134" SrcFileId="4" StartOffset="107"/>
</LocList>
<BasicStmnt CovItemId="S1" CovItemPrefix="tictactoe.Model.Field.java" Intrnl_Id="96">
<LocList>
<Loc EndOffset="134" SrcFileId="4" StartOffset="107"/>
</LocList>
</BasicStmnt>
</StmntSeq>
</HierarchyLvl>
<HierarchyLvl HierarchyLvlId="16" HierarchyLvlTypeId="12" Intrnl_Id="97" Name="Field">
<Header>
<Loc EndOffset="171" SrcFileId="4" StartOffset="144"/>
</Header>
<LocList>
<Loc EndOffset="282" SrcFileId="4" StartOffset="144"/>
</LocList>
<StmntSeq Intrnl_Id="98">
<LocList>
<Loc EndOffset="261" SrcFileId="4" StartOffset="177"/>
<Loc EndOffset="278" SrcFileId="4" StartOffset="265"/>
</LocList>
<CondStmnt CovItemId="S2" CovItemPrefix="tictactoe.Model.Field.java" Intrnl_Id="99">
<Branch CovItemId="B1" CovItemPrefix="tictactoe.Model.Field.java" Implct="false" Intrnl_Id="100">
<Cond/>
<LocList>
<Loc EndOffset="261" SrcFileId="4" StartOffset="192"/>
</LocList>
<StmntSeq Intrnl_Id="101">
<LocList>
<Loc EndOffset="256" SrcFileId="4" StartOffset="198"/>
</LocList>
<BasicStmnt CovItemId="S3" CovItemPrefix="tictactoe.Model.Field.java" Intrnl_Id="102">
<LocList>
<Loc EndOffset="256" SrcFileId="4" StartOffset="198"/>
</LocList>
</BasicStmnt>
</StmntSeq>
</Branch>
<Branch CovItemId="B2" CovItemPrefix="tictactoe.Model.Field.java" Implct="true" Intrnl_Id="103">
<Cond/>
<LocList/>
<StmntSeq Intrnl_Id="104">
<LocList/>
</StmntSeq>
</Branch>
<Keyword EndOffset="179" SrcFileId="4" StartOffset="177"/>
<LocList>
<Loc EndOffset="261" SrcFileId="4" StartOffset="177"/>
</LocList>
<RootTerm CovItemId="C1" CovItemPrefix="tictactoe.Model.Field.java" Intrnl_Id="105">
<BasicBoolTerm Intrnl_Id="106">
<LocList>
<Loc EndOffset="190" SrcFileId="4" StartOffset="180"/>
</LocList>
</BasicBoolTerm>
</RootTerm>
</CondStmnt>
<BasicStmnt CovItemId="S4" CovItemPrefix="tictactoe.Model.Field.java" Intrnl_Id="107">
<LocList>
<Loc EndOffset="278" SrcFileId="4" StartOffset="265"/>
</LocList>
</BasicStmnt>
</StmntSeq>
</HierarchyLvl>
<HierarchyLvl HierarchyLvlId="17" HierarchyLvlTypeId="12" Intrnl_Id="108" Name="getValue">
<Header>
<Loc EndOffset="316" SrcFileId="4" StartOffset="288"/>
</Header>
<LocList>
<Loc EndOffset="339" SrcFileId="4" StartOffset="288"/>
</LocList>
<StmntSeq Intrnl_Id="109">
<LocList>
<Loc EndOffset="335" SrcFileId="4" StartOffset="322"/>
</LocList>
<BasicStmnt CovItemId="S5" CovItemPrefix="tictactoe.Model.Field.java" Intrnl_Id="110">
<LocList>
<Loc EndOffset="335" SrcFileId="4" StartOffset="322"/>
</LocList>
</BasicStmnt>
</StmntSeq>
</HierarchyLvl>
<HierarchyLvl HierarchyLvlId="18" HierarchyLvlTypeId="12" Intrnl_Id="111" Name="setValue">
<Header>
<Loc EndOffset="380" SrcFileId="4" StartOffset="345"/>
</Header>
<LocList>
<Loc EndOffset="401" SrcFileId="4" StartOffset="345"/>
</LocList>
<StmntSeq Intrnl_Id="112">
<LocList>
<Loc EndOffset="397" SrcFileId="4" StartOffset="386"/>
</LocList>
<BasicStmnt CovItemId="S6" CovItemPrefix="tictactoe.Model.Field.java" Intrnl_Id="113">
<LocList>
<Loc EndOffset="397" SrcFileId="4" StartOffset="386"/>
</LocList>
</BasicStmnt>
</StmntSeq>
</HierarchyLvl>
</HierarchyLvl>
<HierarchyLvl HierarchyLvlId="24" HierarchyLvlTypeId="13" Intrnl_Id="114" Name="Board">
<Header>
<Loc EndOffset="94" SrcFileId="5" StartOffset="76"/>
</Header>
<LocList>
<Loc EndOffset="525" SrcFileId="5" StartOffset="76"/>
</LocList>
<HierarchyLvl HierarchyLvlId="20" HierarchyLvlTypeId="12" Intrnl_Id="115" Name="Board">
<Header>
<Loc EndOffset="147" SrcFileId="5" StartOffset="133"/>
</Header>
<LocList>
<Loc EndOffset="194" SrcFileId="5" StartOffset="133"/>
</LocList>
<StmntSeq Intrnl_Id="116">
<LocList>
<Loc EndOffset="178" SrcFileId="5" StartOffset="153"/>
<Loc EndOffset="190" SrcFileId="5" StartOffset="182"/>
</LocList>
<BasicStmnt CovItemId="S1" CovItemPrefix="tictactoe.Model.Board.java" Intrnl_Id="117">
<LocList>
<Loc EndOffset="178" SrcFileId="5" StartOffset="153"/>
</LocList>
</BasicStmnt>
<BasicStmnt CovItemId="S2" CovItemPrefix="tictactoe.Model.Board.java" Intrnl_Id="118">
<LocList>
<Loc EndOffset="190" SrcFileId="5" StartOffset="182"/>
</LocList>
</BasicStmnt>
</StmntSeq>
</HierarchyLvl>
<HierarchyLvl HierarchyLvlId="21" HierarchyLvlTypeId="12" Intrnl_Id="119" Name="getField">
<Header>
<Loc EndOffset="235" SrcFileId="5" StartOffset="200"/>
</Header>
<LocList>
<Loc EndOffset="339" SrcFileId="5" StartOffset="200"/>
</LocList>
<StmntSeq Intrnl_Id="120">
<LocList>
<Loc EndOffset="311" SrcFileId="5" StartOffset="241"/>
<Loc EndOffset="335" SrcFileId="5" StartOffset="315"/>
</LocList>
<CondStmnt CovItemId="S3" CovItemPrefix="tictactoe.Model.Board.java" Intrnl_Id="121">
<Branch CovItemId="B1" CovItemPrefix="tictactoe.Model.Board.java" Implct="false" Intrnl_Id="122">
<Cond/>
<LocList>
<Loc EndOffset="311" SrcFileId="5" StartOffset="274"/>
</LocList>
<StmntSeq Intrnl_Id="123">
<LocList>
<Loc EndOffset="311" SrcFileId="5" StartOffset="274"/>
</LocList>
<BasicStmnt CovItemId="S4" CovItemPrefix="tictactoe.Model.Board.java" Intrnl_Id="124">
<LocList>
<Loc EndOffset="311" SrcFileId="5" StartOffset="274"/>
</LocList>
</BasicStmnt>
</StmntSeq>
</Branch>
<Branch CovItemId="B2" CovItemPrefix="tictactoe.Model.Board.java" Implct="true" Intrnl_Id="125">
<Cond/>
<LocList/>
<StmntSeq Intrnl_Id="126">
<LocList/>
</StmntSeq>
</Branch>
<Keyword EndOffset="243" SrcFileId="5" StartOffset="241"/>
<LocList>
<Loc EndOffset="311" SrcFileId="5" StartOffset="241"/>
</LocList>
<RootTerm CovItemId="C1" CovItemPrefix="tictactoe.Model.Board.java" Intrnl_Id="127">
<OpTerm BooleanOpId="8" Intrnl_Id="128">
<OpTerm BooleanOpId="8" Intrnl_Id="129">
<OpTerm BooleanOpId="8" Intrnl_Id="130">
<BasicBoolTerm Intrnl_Id="131">
<LocList>
<Loc EndOffset="247" SrcFileId="5" StartOffset="244"/>
</LocList>
</BasicBoolTerm>
<BasicBoolTerm Intrnl_Id="132">
<LocList>
<Loc EndOffset="254" SrcFileId="5" StartOffset="251"/>
</LocList>
</BasicBoolTerm>
<LocList>
<Loc EndOffset="250" SrcFileId="5" StartOffset="248"/>
</LocList>
</OpTerm>
<BasicBoolTerm Intrnl_Id="133">
<LocList>
<Loc EndOffset="261" SrcFileId="5" StartOffset="258"/>
</LocList>
</BasicBoolTerm>
<LocList>
<Loc EndOffset="257" SrcFileId="5" StartOffset="255"/>
</LocList>
</OpTerm>
<BasicBoolTerm Intrnl_Id="134">
<LocList>
<Loc EndOffset="268" SrcFileId="5" StartOffset="265"/>
</LocList>
</BasicBoolTerm>
<LocList>
<Loc EndOffset="264" SrcFileId="5" StartOffset="262"/>
</LocList>
</OpTerm>
</RootTerm>
</CondStmnt>
<BasicStmnt CovItemId="S5" CovItemPrefix="tictactoe.Model.Board.java" Intrnl_Id="135">
<LocList>
<Loc EndOffset="335" SrcFileId="5" StartOffset="315"/>
</LocList>
</BasicStmnt>
</StmntSeq>
</HierarchyLvl>
<HierarchyLvl HierarchyLvlId="22" HierarchyLvlTypeId="12" Intrnl_Id="136" Name="clear">
<Header>
<Loc EndOffset="364" SrcFileId="5" StartOffset="345"/>
</Header>
<LocList>
<Loc EndOffset="460" SrcFileId="5" StartOffset="345"/>
</LocList>
<StmntSeq Intrnl_Id="137">
<LocList>
<Loc EndOffset="456" SrcFileId="5" StartOffset="370"/>
</LocList>
<LoopStmnt CovItemId="S6" CovItemPrefix="tictactoe.Model.Board.java" Intrnl_Id="138" MltplExecId="L1-2" MltplExecPrefix="tictactoe.Model.Board.java" NvrExecId="L1-0" NvrExecPrefix="tictactoe.Model.Board.java" OnceExecutedId="L1-1" OnceExecutedPrefix="tictactoe.Model.Board.java" OptBodyExec="true">
<StmntSeq Intrnl_Id="139">
<LocList>
<Loc EndOffset="451" SrcFileId="5" StartOffset="397"/>
</LocList>
<LoopStmnt CovItemId="S7" CovItemPrefix="tictactoe.Model.Board.java" Intrnl_Id="140" MltplExecId="L2-2" MltplExecPrefix="tictactoe.Model.Board.java" NvrExecId="L2-0" NvrExecPrefix="tictactoe.Model.Board.java" OnceExecutedId="L2-1" OnceExecutedPrefix="tictactoe.Model.Board.java" OptBodyExec="true">
<StmntSeq Intrnl_Id="141">
<LocList>
<Loc EndOffset="451" SrcFileId="5" StartOffset="424"/>
</LocList>
<BasicStmnt CovItemId="S8" CovItemPrefix="tictactoe.Model.Board.java" Intrnl_Id="142">
<LocList>
<Loc EndOffset="451" SrcFileId="5" StartOffset="424"/>
</LocList>
</BasicStmnt>
</StmntSeq>
<Keyword EndOffset="400" SrcFileId="5" StartOffset="397"/>
<LocList>
<Loc EndOffset="451" SrcFileId="5" StartOffset="397"/>
</LocList>
<RootTerm CovItemId="C3" CovItemPrefix="tictactoe.Model.Board.java" Intrnl_Id="143">
<BasicBoolTerm Intrnl_Id="144">
<LocList>
<Loc EndOffset="412" SrcFileId="5" StartOffset="409"/>
</LocList>
</BasicBoolTerm>
</RootTerm>
</LoopStmnt>
</StmntSeq>
<Keyword EndOffset="373" SrcFileId="5" StartOffset="370"/>
<LocList>
<Loc EndOffset="456" SrcFileId="5" StartOffset="370"/>
</LocList>
<RootTerm CovItemId="C2" CovItemPrefix="tictactoe.Model.Board.java" Intrnl_Id="145">
<BasicBoolTerm Intrnl_Id="146">
<LocList>
<Loc EndOffset="385" SrcFileId="5" StartOffset="382"/>
</LocList>
</BasicBoolTerm>
</RootTerm>
</LoopStmnt>
</StmntSeq>
</HierarchyLvl>
<HierarchyLvl HierarchyLvlId="23" HierarchyLvlTypeId="12" Intrnl_Id="147" Name="getBoardArray">
<Header>
<Loc EndOffset="498" SrcFileId="5" StartOffset="466"/>
</Header>
<LocList>
<Loc EndOffset="522" SrcFileId="5" StartOffset="466"/>
</LocList>
<StmntSeq Intrnl_Id="148">
<LocList>
<Loc EndOffset="518" SrcFileId="5" StartOffset="504"/>
</LocList>
<BasicStmnt CovItemId="S9" CovItemPrefix="tictactoe.Model.Board.java" Intrnl_Id="149">
<LocList>
<Loc EndOffset="518" SrcFileId="5" StartOffset="504"/>
</LocList>
</BasicStmnt>
</StmntSeq>
</HierarchyLvl>
</HierarchyLvl>
</HierarchyLvl>
<HierarchyLvl HierarchyLvlId="42" HierarchyLvlTypeId="11" Intrnl_Id="150" Name="Controller">
<Header/>
<LocList/>
<HierarchyLvl HierarchyLvlId="39" HierarchyLvlTypeId="13" Intrnl_Id="151" Name="Game">
<Header>
<Loc EndOffset="203" SrcFileId="6" StartOffset="186"/>
</Header>
<LocList>
<Loc EndOffset="3795" SrcFileId="6" StartOffset="186"/>
</LocList>
<HierarchyLvl HierarchyLvlId="25" HierarchyLvlTypeId="12" Intrnl_Id="152" Name="Game">
<Header>
<Loc EndOffset="327" SrcFileId="6" StartOffset="308"/>
</Header>
<LocList>
<Loc EndOffset="423" SrcFileId="6" StartOffset="308"/>
</LocList>
<StmntSeq Intrnl_Id="153">
<LocList>
<Loc EndOffset="342" SrcFileId="6" StartOffset="333"/>
<Loc EndOffset="366" SrcFileId="6" StartOffset="346"/>
<Loc EndOffset="385" SrcFileId="6" StartOffset="370"/>
<Loc EndOffset="419" SrcFileId="6" StartOffset="389"/>
</LocList>
<BasicStmnt CovItemId="S1" CovItemPrefix="tictactoe.Controller.Game.java" Intrnl_Id="154">
<LocList>
<Loc EndOffset="342" SrcFileId="6" StartOffset="333"/>
</LocList>
</BasicStmnt>
<BasicStmnt CovItemId="S2" CovItemPrefix="tictactoe.Controller.Game.java" Intrnl_Id="155">
<LocList>
<Loc EndOffset="366" SrcFileId="6" StartOffset="346"/>
</LocList>
</BasicStmnt>
<BasicStmnt CovItemId="S3" CovItemPrefix="tictactoe.Controller.Game.java" Intrnl_Id="156">
<LocList>
<Loc EndOffset="385" SrcFileId="6" StartOffset="370"/>
</LocList>
</BasicStmnt>
<BasicStmnt CovItemId="S4" CovItemPrefix="tictactoe.Controller.Game.java" Intrnl_Id="157">
<LocList>
<Loc EndOffset="419" SrcFileId="6" StartOffset="389"/>
</LocList>
</BasicStmnt>
</StmntSeq>
</HierarchyLvl>
<HierarchyLvl HierarchyLvlId="26" HierarchyLvlTypeId="12" Intrnl_Id="158" Name="play">
<Header>
<Loc EndOffset="450" SrcFileId="6" StartOffset="429"/>
</Header>
<LocList>
<Loc EndOffset="1346" SrcFileId="6" StartOffset="429"/>
</LocList>
<StmntSeq Intrnl_Id="159">
<LocList>
<Loc EndOffset="494" SrcFileId="6" StartOffset="456"/>
<Loc EndOffset="518" SrcFileId="6" StartOffset="498"/>
<Loc EndOffset="542" SrcFileId="6" StartOffset="522"/>
<Loc EndOffset="561" SrcFileId="6" StartOffset="546"/>
<Loc EndOffset="580" SrcFileId="6" StartOffset="565"/>
<Loc EndOffset="613" SrcFileId="6" StartOffset="594"/>
<Loc EndOffset="700" SrcFileId="6" StartOffset="584"/>
<Loc EndOffset="721" SrcFileId="6" StartOffset="704"/>
<Loc EndOffset="754" SrcFileId="6" StartOffset="735"/>
<Loc EndOffset="841" SrcFileId="6" StartOffset="725"/>
<Loc EndOffset="893" SrcFileId="6" StartOffset="853"/>
<Loc EndOffset="981" SrcFileId="6" StartOffset="845"/>
<Loc EndOffset="1115" SrcFileId="6" StartOffset="985"/>
<Loc EndOffset="1193" SrcFileId="6" StartOffset="1119"/>
<Loc EndOffset="1208" SrcFileId="6" StartOffset="1197"/>
<Loc EndOffset="1326" SrcFileId="6" StartOffset="1212"/>
<Loc EndOffset="1342" SrcFileId="6" StartOffset="1330"/>
</LocList>
<BasicStmnt CovItemId="S5" CovItemPrefix="tictactoe.Controller.Game.java" Intrnl_Id="160">
<LocList>
<Loc EndOffset="494" SrcFileId="6" StartOffset="456"/>
</LocList>
</BasicStmnt>
<BasicStmnt CovItemId="S6" CovItemPrefix="tictactoe.Controller.Game.java" Intrnl_Id="161">
<LocList>
<Loc EndOffset="518" SrcFileId="6" StartOffset="498"/>
</LocList>
</BasicStmnt>
<BasicStmnt CovItemId="S7" CovItemPrefix="tictactoe.Controller.Game.java" Intrnl_Id="162">
<LocList>
<Loc EndOffset="542" SrcFileId="6" StartOffset="522"/>
</LocList>
</BasicStmnt>
<BasicStmnt CovItemId="S8" CovItemPrefix="tictactoe.Controller.Game.java" Intrnl_Id="163">
<LocList>
<Loc EndOffset="561" SrcFileId="6" StartOffset="546"/>
</LocList>
</BasicStmnt>
<BasicStmnt CovItemId="S9" CovItemPrefix="tictactoe.Controller.Game.java" Intrnl_Id="164">
<LocList>
<Loc EndOffset="580" SrcFileId="6" StartOffset="565"/>
</LocList>
</BasicStmnt>
<BasicStmnt CovItemId="S11" CovItemPrefix="tictactoe.Controller.Game.java" Intrnl_Id="165">
<LocList>
<Loc EndOffset="613" SrcFileId="6" StartOffset="594"/>
</LocList>
</BasicStmnt>
<CondStmnt CovItemId="S10" CovItemPrefix="tictactoe.Controller.Game.java" Intrnl_Id="166">
<Branch CovItemId="B1" CovItemPrefix="tictactoe.Controller.Game.java" Implct="true" Intrnl_Id="167">
<Cond/>
<LocList/>
<StmntSeq Intrnl_Id="168">
<LocList/>
</StmntSeq>
</Branch>
<Branch CovItemId="B2" CovItemPrefix="tictactoe.Controller.Game.java" Implct="false" Intrnl_Id="169">
<Cond>
<Loc EndOffset="652" SrcFileId="6" StartOffset="619"/>
</Cond>
<LocList>
<Loc EndOffset="700" SrcFileId="6" StartOffset="653"/>
</LocList>
<StmntSeq Intrnl_Id="170">
<LocList>
<Loc EndOffset="677" SrcFileId="6" StartOffset="659"/>
<Loc EndOffset="695" SrcFileId="6" StartOffset="682"/>
</LocList>
<BasicStmnt CovItemId="S12" CovItemPrefix="tictactoe.Controller.Game.java" Intrnl_Id="171">
<LocList>
<Loc EndOffset="677" SrcFileId="6" StartOffset="659"/>
</LocList>
</BasicStmnt>
<BasicStmnt CovItemId="S13" CovItemPrefix="tictactoe.Controller.Game.java" Intrnl_Id="172">
<LocList>
<Loc EndOffset="695" SrcFileId="6" StartOffset="682"/>
</LocList>
</BasicStmnt>
</StmntSeq>
</Branch>
<Keyword EndOffset="587" SrcFileId="6" StartOffset="584"/>
<LocList>
<Loc EndOffset="700" SrcFileId="6" StartOffset="584"/>
</LocList>
</CondStmnt>
<BasicStmnt CovItemId="S14" CovItemPrefix="tictactoe.Controller.Game.java" Intrnl_Id="173">
<LocList>
<Loc EndOffset="721" SrcFileId="6" StartOffset="704"/>
</LocList>
</BasicStmnt>
<BasicStmnt CovItemId="S16" CovItemPrefix="tictactoe.Controller.Game.java" Intrnl_Id="174">
<LocList>
<Loc EndOffset="754" SrcFileId="6" StartOffset="735"/>
</LocList>
</BasicStmnt>
<CondStmnt CovItemId="S15" CovItemPrefix="tictactoe.Controller.Game.java" Intrnl_Id="175">
<Branch CovItemId="B3" CovItemPrefix="tictactoe.Controller.Game.java" Implct="true" Intrnl_Id="176">
<Cond/>
<LocList/>
<StmntSeq Intrnl_Id="177">
<LocList/>
</StmntSeq>
</Branch>
<Branch CovItemId="B4" CovItemPrefix="tictactoe.Controller.Game.java" Implct="false" Intrnl_Id="178">
<Cond>
<Loc EndOffset="793" SrcFileId="6" StartOffset="760"/>
</Cond>
<LocList>
<Loc EndOffset="841" SrcFileId="6" StartOffset="794"/>
</LocList>
<StmntSeq Intrnl_Id="179">
<LocList>
<Loc EndOffset="818" SrcFileId="6" StartOffset="800"/>
<Loc EndOffset="836" SrcFileId="6" StartOffset="823"/>
</LocList>
<BasicStmnt CovItemId="S17" CovItemPrefix="tictactoe.Controller.Game.java" Intrnl_Id="180">
<LocList>
<Loc EndOffset="818" SrcFileId="6" StartOffset="800"/>
</LocList>
</BasicStmnt>
<BasicStmnt CovItemId="S18" CovItemPrefix="tictactoe.Controller.Game.java" Intrnl_Id="181">
<LocList>
<Loc EndOffset="836" SrcFileId="6" StartOffset="823"/>
</LocList>
</BasicStmnt>
</StmntSeq>
</Branch>
<Keyword EndOffset="728" SrcFileId="6" StartOffset="725"/>
<LocList>
<Loc EndOffset="841" SrcFileId="6" StartOffset="725"/>
</LocList>
</CondStmnt>
<BasicStmnt CovItemId="S20" CovItemPrefix="tictactoe.Controller.Game.java" Intrnl_Id="182">
<LocList>
<Loc EndOffset="893" SrcFileId="6" StartOffset="853"/>
</LocList>
</BasicStmnt>
<CondStmnt CovItemId="S19" CovItemPrefix="tictactoe.Controller.Game.java" Intrnl_Id="183">
<Branch CovItemId="B5" CovItemPrefix="tictactoe.Controller.Game.java" Implct="true" Intrnl_Id="184">
<Cond/>
<LocList/>
<StmntSeq Intrnl_Id="185">
<LocList/>
</StmntSeq>
</Branch>
<Branch CovItemId="B6" CovItemPrefix="tictactoe.Controller.Game.java" Implct="false" Intrnl_Id="186">
<Cond>
<Loc EndOffset="933" SrcFileId="6" StartOffset="899"/>
</Cond>
<LocList>
<Loc EndOffset="981" SrcFileId="6" StartOffset="934"/>
</LocList>
<StmntSeq Intrnl_Id="187">
<LocList>
<Loc EndOffset="958" SrcFileId="6" StartOffset="940"/>
<Loc EndOffset="976" SrcFileId="6" StartOffset="963"/>
</LocList>
<BasicStmnt CovItemId="S21" CovItemPrefix="tictactoe.Controller.Game.java" Intrnl_Id="188">
<LocList>
<Loc EndOffset="958" SrcFileId="6" StartOffset="940"/>
</LocList>
</BasicStmnt>
<BasicStmnt CovItemId="S22" CovItemPrefix="tictactoe.Controller.Game.java" Intrnl_Id="189">
<LocList>
<Loc EndOffset="976" SrcFileId="6" StartOffset="963"/>
</LocList>
</BasicStmnt>
</StmntSeq>
</Branch>
<Keyword EndOffset="848" SrcFileId="6" StartOffset="845"/>
<LocList>
<Loc EndOffset="981" SrcFileId="6" StartOffset="845"/>
</LocList>
</CondStmnt>
<CondStmnt CovItemId="S23" CovItemPrefix="tictactoe.Controller.Game.java" Intrnl_Id="190">
<Branch CovItemId="B7" CovItemPrefix="tictactoe.Controller.Game.java" Implct="false" Intrnl_Id="191">
<Cond/>
<LocList>
<Loc EndOffset="1115" SrcFileId="6" StartOffset="1003"/>
</LocList>
<StmntSeq Intrnl_Id="192">
<LocList>
<Loc EndOffset="1032" SrcFileId="6" StartOffset="1009"/>
<Loc EndOffset="1075" SrcFileId="6" StartOffset="1037"/>
<Loc EndOffset="1093" SrcFileId="6" StartOffset="1080"/>
<Loc EndOffset="1110" SrcFileId="6" StartOffset="1098"/>
</LocList>
<BasicStmnt CovItemId="S24" CovItemPrefix="tictactoe.Controller.Game.java" Intrnl_Id="193">
<LocList>
<Loc EndOffset="1032" SrcFileId="6" StartOffset="1009"/>
</LocList>
</BasicStmnt>
<BasicStmnt CovItemId="S25" CovItemPrefix="tictactoe.Controller.Game.java" Intrnl_Id="194">
<LocList>
<Loc EndOffset="1075" SrcFileId="6" StartOffset="1037"/>
</LocList>
</BasicStmnt>
<BasicStmnt CovItemId="S26" CovItemPrefix="tictactoe.Controller.Game.java" Intrnl_Id="195">
<LocList>
<Loc EndOffset="1093" SrcFileId="6" StartOffset="1080"/>
</LocList>
</BasicStmnt>
<BasicStmnt CovItemId="S27" CovItemPrefix="tictactoe.Controller.Game.java" Intrnl_Id="196">
<LocList>
<Loc EndOffset="1110" SrcFileId="6" StartOffset="1098"/>
</LocList>
</BasicStmnt>
</StmntSeq>
</Branch>
<Branch CovItemId="B8" CovItemPrefix="tictactoe.Controller.Game.java" Implct="true" Intrnl_Id="197">
<Cond/>
<LocList/>
<StmntSeq Intrnl_Id="198">
<LocList/>
</StmntSeq>
</Branch>
<Keyword EndOffset="987" SrcFileId="6" StartOffset="985"/>
<LocList>
<Loc EndOffset="1115" SrcFileId="6" StartOffset="985"/>
</LocList>
<RootTerm CovItemId="C1" CovItemPrefix="tictactoe.Controller.Game.java" Intrnl_Id="199">
<BasicBoolTerm Intrnl_Id="200">
<LocList>
<Loc EndOffset="1001" SrcFileId="6" StartOffset="988"/>
</LocList>
</BasicBoolTerm>
</RootTerm>
</CondStmnt>
<CondStmnt CovItemId="S28" CovItemPrefix="tictactoe.Controller.Game.java" Intrnl_Id="201">
<Branch CovItemId="B9" CovItemPrefix="tictactoe.Controller.Game.java" Implct="false" Intrnl_Id="202">
<Cond/>
<LocList>
<Loc EndOffset="1193" SrcFileId="6" StartOffset="1131"/>
</LocList>
<StmntSeq Intrnl_Id="203">
<LocList>
<Loc EndOffset="1153" SrcFileId="6" StartOffset="1137"/>
<Loc EndOffset="1171" SrcFileId="6" StartOffset="1158"/>
<Loc EndOffset="1188" SrcFileId="6" StartOffset="1176"/>
</LocList>
<BasicStmnt CovItemId="S29" CovItemPrefix="tictactoe.Controller.Game.java" Intrnl_Id="204">
<LocList>
<Loc EndOffset="1153" SrcFileId="6" StartOffset="1137"/>
</LocList>
</BasicStmnt>
<BasicStmnt CovItemId="S30" CovItemPrefix="tictactoe.Controller.Game.java" Intrnl_Id="205">
<LocList>
<Loc EndOffset="1171" SrcFileId="6" StartOffset="1158"/>
</LocList>
</BasicStmnt>
<BasicStmnt CovItemId="S31" CovItemPrefix="tictactoe.Controller.Game.java" Intrnl_Id="206">
<LocList>
<Loc EndOffset="1188" SrcFileId="6" StartOffset="1176"/>
</LocList>
</BasicStmnt>
</StmntSeq>
</Branch>
<Branch CovItemId="B10" CovItemPrefix="tictactoe.Controller.Game.java" Implct="true" Intrnl_Id="207">
<Cond/>
<LocList/>
<StmntSeq Intrnl_Id="208">
<LocList/>
</StmntSeq>
</Branch>
<Keyword EndOffset="1121" SrcFileId="6" StartOffset="1119"/>
<LocList>
<Loc EndOffset="1193" SrcFileId="6" StartOffset="1119"/>
</LocList>
<RootTerm CovItemId="C2" CovItemPrefix="tictactoe.Controller.Game.java" Intrnl_Id="209">
<BasicBoolTerm Intrnl_Id="210">
<LocList>
<Loc EndOffset="1129" SrcFileId="6" StartOffset="1122"/>
</LocList>
</BasicBoolTerm>
</RootTerm>
</CondStmnt>
<BasicStmnt CovItemId="S32" CovItemPrefix="tictactoe.Controller.Game.java" Intrnl_Id="211">
<LocList>
<Loc EndOffset="1208" SrcFileId="6" StartOffset="1197"/>
</LocList>
</BasicStmnt>
<CondStmnt CovItemId="S33" CovItemPrefix="tictactoe.Controller.Game.java" Intrnl_Id="212">
<Branch CovItemId="B11" CovItemPrefix="tictactoe.Controller.Game.java" Implct="false" Intrnl_Id="213">
<Cond/>
<LocList>
<Loc EndOffset="1326" SrcFileId="6" StartOffset="1230"/>
</LocList>
<StmntSeq Intrnl_Id="214">
<LocList>
<Loc EndOffset="1260" SrcFileId="6" StartOffset="1236"/>
<Loc EndOffset="1303" SrcFileId="6" StartOffset="1265"/>
<Loc EndOffset="1321" SrcFileId="6" StartOffset="1308"/>
</LocList>
<BasicStmnt CovItemId="S34" CovItemPrefix="tictactoe.Controller.Game.java" Intrnl_Id="215">
<LocList>
<Loc EndOffset="1260" SrcFileId="6" StartOffset="1236"/>
</LocList>
</BasicStmnt>
<BasicStmnt CovItemId="S35" CovItemPrefix="tictactoe.Controller.Game.java" Intrnl_Id="216">
<LocList>
<Loc EndOffset="1303" SrcFileId="6" StartOffset="1265"/>
</LocList>
</BasicStmnt>
<BasicStmnt CovItemId="S36" CovItemPrefix="tictactoe.Controller.Game.java" Intrnl_Id="217">
<LocList>
<Loc EndOffset="1321" SrcFileId="6" StartOffset="1308"/>
</LocList>
</BasicStmnt>
</StmntSeq>
</Branch>
<Branch CovItemId="B12" CovItemPrefix="tictactoe.Controller.Game.java" Implct="true" Intrnl_Id="218">
<Cond/>
<LocList/>
<StmntSeq Intrnl_Id="219">
<LocList/>
</StmntSeq>
</Branch>
<Keyword EndOffset="1214" SrcFileId="6" StartOffset="1212"/>
<LocList>
<Loc EndOffset="1326" SrcFileId="6" StartOffset="1212"/>
</LocList>
<RootTerm CovItemId="C3" CovItemPrefix="tictactoe.Controller.Game.java" Intrnl_Id="220">
<BasicBoolTerm Intrnl_Id="221">
<LocList>
<Loc EndOffset="1228" SrcFileId="6" StartOffset="1215"/>
</LocList>
</BasicBoolTerm>
</RootTerm>
</CondStmnt>
<BasicStmnt CovItemId="S37" CovItemPrefix="tictactoe.Controller.Game.java" Intrnl_Id="222">
<LocList>
<Loc EndOffset="1342" SrcFileId="6" StartOffset="1330"/>
</LocList>
</BasicStmnt>
</StmntSeq>
</HierarchyLvl>
<HierarchyLvl HierarchyLvlId="27" HierarchyLvlTypeId="12" Intrnl_Id="223" Name="getInput">
<Header>
<Loc EndOffset="1373" SrcFileId="6" StartOffset="1352"/>
</Header>
<LocList>
<Loc EndOffset="1550" SrcFileId="6" StartOffset="1352"/>
</LocList>
<StmntSeq Intrnl_Id="224">
<LocList>
<Loc EndOffset="1395" SrcFileId="6" StartOffset="1379"/>
<Loc EndOffset="1449" SrcFileId="6" StartOffset="1399"/>
<Loc EndOffset="1524" SrcFileId="6" StartOffset="1453"/>
<Loc EndOffset="1546" SrcFileId="6" StartOffset="1532"/>
</LocList>
<BasicStmnt CovItemId="S38" CovItemPrefix="tictactoe.Controller.Game.java" Intrnl_Id="225">
<LocList>
<Loc EndOffset="1395" SrcFileId="6" StartOffset="1379"/>
</LocList>
</BasicStmnt>
<CondStmnt CovItemId="S39" CovItemPrefix="tictactoe.Controller.Game.java" Intrnl_Id="226">
<Branch CovItemId="B13" CovItemPrefix="tictactoe.Controller.Game.java" Implct="false" Intrnl_Id="227">
<Cond/>
<LocList>
<Loc EndOffset="1449" SrcFileId="6" StartOffset="1425"/>
</LocList>
<StmntSeq Intrnl_Id="228">
<LocList>
<Loc EndOffset="1449" SrcFileId="6" StartOffset="1425"/>
</LocList>
<BasicStmnt CovItemId="S40" CovItemPrefix="tictactoe.Controller.Game.java" Intrnl_Id="229">
<LocList>
<Loc EndOffset="1449" SrcFileId="6" StartOffset="1425"/>
</LocList>
</BasicStmnt>
</StmntSeq>
</Branch>
<Branch CovItemId="B14" CovItemPrefix="tictactoe.Controller.Game.java" Implct="true" Intrnl_Id="230">
<Cond/>
<LocList/>
<StmntSeq Intrnl_Id="231">
<LocList/>
</StmntSeq>
</Branch>
<Keyword EndOffset="1401" SrcFileId="6" StartOffset="1399"/>
<LocList>
<Loc EndOffset="1449" SrcFileId="6" StartOffset="1399"/>
</LocList>
<RootTerm CovItemId="C4" CovItemPrefix="tictactoe.Controller.Game.java" Intrnl_Id="232">
<BasicBoolTerm Intrnl_Id="233">
<LocList>
<Loc EndOffset="1419" SrcFileId="6" StartOffset="1402"/>
</LocList>
</BasicBoolTerm>
</RootTerm>
</CondStmnt>
<CondStmnt CovItemId="S41" CovItemPrefix="tictactoe.Controller.Game.java" Intrnl_Id="234">
<Branch CovItemId="B15" CovItemPrefix="tictactoe.Controller.Game.java" Implct="false" Intrnl_Id="235">
<Cond/>
<LocList>
<Loc EndOffset="1524" SrcFileId="6" StartOffset="1487"/>
</LocList>
<StmntSeq Intrnl_Id="236">
<LocList>
<Loc EndOffset="1524" SrcFileId="6" StartOffset="1487"/>
</LocList>
<BasicStmnt CovItemId="S42" CovItemPrefix="tictactoe.Controller.Game.java" Intrnl_Id="237">
<LocList>
<Loc EndOffset="1524" SrcFileId="6" StartOffset="1487"/>
</LocList>
</BasicStmnt>
</StmntSeq>
</Branch>
<Branch CovItemId="B16" CovItemPrefix="tictactoe.Controller.Game.java" Implct="true" Intrnl_Id="238">
<Cond/>
<LocList/>
<StmntSeq Intrnl_Id="239">
<LocList/>
</StmntSeq>
</Branch>
<Keyword EndOffset="1455" SrcFileId="6" StartOffset="1453"/>
<LocList>
<Loc EndOffset="1524" SrcFileId="6" StartOffset="1453"/>
</LocList>
<RootTerm CovItemId="C5" CovItemPrefix="tictactoe.Controller.Game.java" Intrnl_Id="240">
<OpTerm BooleanOpId="8" Intrnl_Id="241">
<BasicBoolTerm Intrnl_Id="242">
<LocList>
<Loc EndOffset="1467" SrcFileId="6" StartOffset="1456"/>
</LocList>
</BasicBoolTerm>
<BasicBoolTerm Intrnl_Id="243">
<LocList>
<Loc EndOffset="1481" SrcFileId="6" StartOffset="1471"/>
</LocList>
</BasicBoolTerm>
<LocList>
<Loc EndOffset="1470" SrcFileId="6" StartOffset="1468"/>
</LocList>
</OpTerm>
</RootTerm>
</CondStmnt>
<BasicStmnt CovItemId="S43" CovItemPrefix="tictactoe.Controller.Game.java" Intrnl_Id="244">
<LocList>
<Loc EndOffset="1546" SrcFileId="6" StartOffset="1532"/>
</LocList>
</BasicStmnt>
</StmntSeq>
</HierarchyLvl>
<HierarchyLvl HierarchyLvlId="28" HierarchyLvlTypeId="12" Intrnl_Id="245" Name="getScanner">
<Header>
<Loc EndOffset="1583" SrcFileId="6" StartOffset="1556"/>
</Header>
<LocList>
<Loc EndOffset="1605" SrcFileId="6" StartOffset="1556"/>
</LocList>
<StmntSeq Intrnl_Id="246">
<LocList>
<Loc EndOffset="1601" SrcFileId="6" StartOffset="1589"/>
</LocList>
<BasicStmnt CovItemId="S44" CovItemPrefix="tictactoe.Controller.Game.java" Intrnl_Id="247">
<LocList>
<Loc EndOffset="1601" SrcFileId="6" StartOffset="1589"/>
</LocList>
</BasicStmnt>
</StmntSeq>
</HierarchyLvl>
<HierarchyLvl HierarchyLvlId="29" HierarchyLvlTypeId="12" Intrnl_Id="248" Name="setScanner">
<Header>
<Loc EndOffset="1644" SrcFileId="6" StartOffset="1611"/>
</Header>
<LocList>
<Loc EndOffset="1663" SrcFileId="6" StartOffset="1611"/>
</LocList>
<StmntSeq Intrnl_Id="249">
<LocList>
<Loc EndOffset="1659" SrcFileId="6" StartOffset="1650"/>
</LocList>
<BasicStmnt CovItemId="S45" CovItemPrefix="tictactoe.Controller.Game.java" Intrnl_Id="250">
<LocList>
<Loc EndOffset="1659" SrcFileId="6" StartOffset="1650"/>
</LocList>
</BasicStmnt>
</StmntSeq>
</HierarchyLvl>
<HierarchyLvl HierarchyLvlId="30" HierarchyLvlTypeId="12" Intrnl_Id="251" Name="isFieldFree">
<Header>
<Loc EndOffset="1709" SrcFileId="6" StartOffset="1669"/>
</Header>
<LocList>
<Loc EndOffset="1778" SrcFileId="6" StartOffset="1669"/>
</LocList>
<StmntSeq Intrnl_Id="252">
<LocList>
<Loc EndOffset="1774" SrcFileId="6" StartOffset="1715"/>
</LocList>
<BasicStmnt CovItemId="S46" CovItemPrefix="tictactoe.Controller.Game.java" Intrnl_Id="253">
<LocList>
<Loc EndOffset="1774" SrcFileId="6" StartOffset="1715"/>
</LocList>
</BasicStmnt>
</StmntSeq>
</HierarchyLvl>
<HierarchyLvl HierarchyLvlId="31" HierarchyLvlTypeId="12" Intrnl_Id="254" Name="setPlaying">
<Header>
<Loc EndOffset="1817" SrcFileId="6" StartOffset="1784"/>
</Header>
<LocList>
<Loc EndOffset="1839" SrcFileId="6" StartOffset="1784"/>
</LocList>
<StmntSeq Intrnl_Id="255">
<LocList>
<Loc EndOffset="1835" SrcFileId="6" StartOffset="1823"/>
</LocList>
<BasicStmnt CovItemId="S47" CovItemPrefix="tictactoe.Controller.Game.java" Intrnl_Id="256">
<LocList>
<Loc EndOffset="1835" SrcFileId="6" StartOffset="1823"/>
</LocList>
</BasicStmnt>
</StmntSeq>
</HierarchyLvl>
<HierarchyLvl HierarchyLvlId="32" HierarchyLvlTypeId="12" Intrnl_Id="257" Name="isPlaying">
<Header>
<Loc EndOffset="1871" SrcFileId="6" StartOffset="1845"/>
</Header>
<LocList>
<Loc EndOffset="1896" SrcFileId="6" StartOffset="1845"/>
</LocList>
<StmntSeq Intrnl_Id="258">
<LocList>
<Loc EndOffset="1892" SrcFileId="6" StartOffset="1877"/>
</LocList>
<BasicStmnt CovItemId="S48" CovItemPrefix="tictactoe.Controller.Game.java" Intrnl_Id="259">
<LocList>
<Loc EndOffset="1892" SrcFileId="6" StartOffset="1877"/>
</LocList>
</BasicStmnt>
</StmntSeq>
</HierarchyLvl>
<HierarchyLvl HierarchyLvlId="33" HierarchyLvlTypeId="12" Intrnl_Id="260" Name="clearBoard">
<Header>
<Loc EndOffset="1926" SrcFileId="6" StartOffset="1902"/>
</Header>
<LocList>
<Loc EndOffset="1950" SrcFileId="6" StartOffset="1902"/>
</LocList>
<StmntSeq Intrnl_Id="261">
<LocList>
<Loc EndOffset="1946" SrcFileId="6" StartOffset="1932"/>
</LocList>
<BasicStmnt CovItemId="S49" CovItemPrefix="tictactoe.Controller.Game.java" Intrnl_Id="262">
<LocList>
<Loc EndOffset="1946" SrcFileId="6" StartOffset="1932"/>
</LocList>
</BasicStmnt>
</StmntSeq>
</HierarchyLvl>
<HierarchyLvl HierarchyLvlId="34" HierarchyLvlTypeId="12" Intrnl_Id="263" Name="getBoard">
<Header>
<Loc EndOffset="1979" SrcFileId="6" StartOffset="1956"/>
</Header>
<LocList>
<Loc EndOffset="2002" SrcFileId="6" StartOffset="1956"/>
</LocList>
<StmntSeq Intrnl_Id="264">
<LocList>
<Loc EndOffset="1998" SrcFileId="6" StartOffset="1985"/>
</LocList>
<BasicStmnt CovItemId="S50" CovItemPrefix="tictactoe.Controller.Game.java" Intrnl_Id="265">
<LocList>
<Loc EndOffset="1998" SrcFileId="6" StartOffset="1985"/>
</LocList>
</BasicStmnt>
</StmntSeq>
</HierarchyLvl>
<HierarchyLvl HierarchyLvlId="35" HierarchyLvlTypeId="12" Intrnl_Id="266" Name="setField">
<Header>
<Loc EndOffset="2057" SrcFileId="6" StartOffset="2008"/>
</Header>
<LocList>
<Loc EndOffset="2184" SrcFileId="6" StartOffset="2008"/>
</LocList>
<StmntSeq Intrnl_Id="267">
<LocList>
<Loc EndOffset="2067" SrcFileId="6" StartOffset="2063"/>
<Loc EndOffset="2075" SrcFileId="6" StartOffset="2071"/>
<Loc EndOffset="2142" SrcFileId="6" StartOffset="2079"/>
<Loc EndOffset="2180" SrcFileId="6" StartOffset="2146"/>
</LocList>
<BasicStmnt CovItemId="S51" CovItemPrefix="tictactoe.Controller.Game.java" Intrnl_Id="268">
<LocList>
<Loc EndOffset="2067" SrcFileId="6" StartOffset="2063"/>
</LocList>
</BasicStmnt>
<BasicStmnt CovItemId="S52" CovItemPrefix="tictactoe.Controller.Game.java" Intrnl_Id="269">
<LocList>
<Loc EndOffset="2075" SrcFileId="6" StartOffset="2071"/>
</LocList>
</BasicStmnt>
<CondStmnt CovItemId="S53" CovItemPrefix="tictactoe.Controller.Game.java" Intrnl_Id="270">
<Branch CovItemId="B17" CovItemPrefix="tictactoe.Controller.Game.java" Implct="false" Intrnl_Id="271">
<Cond/>
<LocList>
<Loc EndOffset="2142" SrcFileId="6" StartOffset="2105"/>
</LocList>
<StmntSeq Intrnl_Id="272">
<LocList>
<Loc EndOffset="2142" SrcFileId="6" StartOffset="2105"/>
</LocList>
<BasicStmnt CovItemId="S54" CovItemPrefix="tictactoe.Controller.Game.java" Intrnl_Id="273">
<LocList>
<Loc EndOffset="2142" SrcFileId="6" StartOffset="2105"/>
</LocList>
</BasicStmnt>
</StmntSeq>
</Branch>
<Branch CovItemId="B18" CovItemPrefix="tictactoe.Controller.Game.java" Implct="true" Intrnl_Id="274">
<Cond/>
<LocList/>
<StmntSeq Intrnl_Id="275">
<LocList/>
</StmntSeq>
</Branch>
<Keyword EndOffset="2081" SrcFileId="6" StartOffset="2079"/>
<LocList>
<Loc EndOffset="2142" SrcFileId="6" StartOffset="2079"/>
</LocList>
<RootTerm CovItemId="C6" CovItemPrefix="tictactoe.Controller.Game.java" Intrnl_Id="276">
<OpTerm BooleanOpId="9" Intrnl_Id="277">
<BasicBoolTerm Intrnl_Id="278">
<LocList>
<Loc EndOffset="2099" SrcFileId="6" StartOffset="2083"/>
</LocList>
</BasicBoolTerm>
<LocList>
<Loc EndOffset="2083" SrcFileId="6" StartOffset="2082"/>
</LocList>
</OpTerm>
</RootTerm>
</CondStmnt>
<BasicStmnt CovItemId="S55" CovItemPrefix="tictactoe.Controller.Game.java" Intrnl_Id="279">
<LocList>
<Loc EndOffset="2180" SrcFileId="6" StartOffset="2146"/>
</LocList>
</BasicStmnt>
</StmntSeq>
</HierarchyLvl>
<HierarchyLvl HierarchyLvlId="36" HierarchyLvlTypeId="12" Intrnl_Id="280" Name="doAITurn">
<Header>
<Loc EndOffset="2212" SrcFileId="6" StartOffset="2190"/>
</Header>
<LocList>
<Loc EndOffset="2507" SrcFileId="6" StartOffset="2190"/>
</LocList>
<StmntSeq Intrnl_Id="281">
<LocList>
<Loc EndOffset="2245" SrcFileId="6" StartOffset="2218"/>
<Loc EndOffset="2503" SrcFileId="6" StartOffset="2277"/>
</LocList>
<BasicStmnt CovItemId="S56" CovItemPrefix="tictactoe.Controller.Game.java" Intrnl_Id="282">
<LocList>
<Loc EndOffset="2245" SrcFileId="6" StartOffset="2218"/>
</LocList>
</BasicStmnt>
<LoopStmnt CovItemId="S57" CovItemPrefix="tictactoe.Controller.Game.java" Intrnl_Id="283" MltplExecId="L1-2" MltplExecPrefix="tictactoe.Controller.Game.java" NvrExecId="L1-0" NvrExecPrefix="tictactoe.Controller.Game.java" OnceExecutedId="L1-1" OnceExecutedPrefix="tictactoe.Controller.Game.java" OptBodyExec="false">
<StmntSeq Intrnl_Id="284">
<LocList>
<Loc EndOffset="2309" SrcFileId="6" StartOffset="2285"/>
<Loc EndOffset="2322" SrcFileId="6" StartOffset="2314"/>
<Loc EndOffset="2351" SrcFileId="6" StartOffset="2327"/>
<Loc EndOffset="2364" SrcFileId="6" StartOffset="2356"/>
<Loc EndOffset="2419" SrcFileId="6" StartOffset="2380"/>
<Loc EndOffset="2431" SrcFileId="6" StartOffset="2425"/>
<Loc EndOffset="2485" SrcFileId="6" StartOffset="2369"/>
</LocList>
<BasicStmnt CovItemId="S58" CovItemPrefix="tictactoe.Controller.Game.java" Intrnl_Id="285">
<LocList>
<Loc EndOffset="2309" SrcFileId="6" StartOffset="2285"/>
</LocList>
</BasicStmnt>
<BasicStmnt CovItemId="S59" CovItemPrefix="tictactoe.Controller.Game.java" Intrnl_Id="286">
<LocList>
<Loc EndOffset="2322" SrcFileId="6" StartOffset="2314"/>
</LocList>
</BasicStmnt>
<BasicStmnt CovItemId="S60" CovItemPrefix="tictactoe.Controller.Game.java" Intrnl_Id="287">
<LocList>
<Loc EndOffset="2351" SrcFileId="6" StartOffset="2327"/>
</LocList>
</BasicStmnt>
<BasicStmnt CovItemId="S61" CovItemPrefix="tictactoe.Controller.Game.java" Intrnl_Id="288">
<LocList>
<Loc EndOffset="2364" SrcFileId="6" StartOffset="2356"/>
</LocList>
</BasicStmnt>
<BasicStmnt CovItemId="S63" CovItemPrefix="tictactoe.Controller.Game.java" Intrnl_Id="289">
<LocList>
<Loc EndOffset="2419" SrcFileId="6" StartOffset="2380"/>
</LocList>
</BasicStmnt>
<BasicStmnt CovItemId="S64" CovItemPrefix="tictactoe.Controller.Game.java" Intrnl_Id="290">
<LocList>
<Loc EndOffset="2431" SrcFileId="6" StartOffset="2425"/>
</LocList>
</BasicStmnt>
<CondStmnt CovItemId="S62" CovItemPrefix="tictactoe.Controller.Game.java" Intrnl_Id="291">
<Branch CovItemId="B19" CovItemPrefix="tictactoe.Controller.Game.java" Implct="true" Intrnl_Id="292">
<Cond/>
<LocList/>
<StmntSeq Intrnl_Id="293">
<LocList/>
</StmntSeq>
</Branch>
<Branch CovItemId="B20" CovItemPrefix="tictactoe.Controller.Game.java" Implct="false" Intrnl_Id="294">
<Cond>
<Loc EndOffset="2471" SrcFileId="6" StartOffset="2438"/>
</Cond>
<LocList>
<Loc EndOffset="2485" SrcFileId="6" StartOffset="2472"/>
</LocList>
<StmntSeq Intrnl_Id="295">
<LocList/>
</StmntSeq>
</Branch>
<Keyword EndOffset="2372" SrcFileId="6" StartOffset="2369"/>
<LocList>
<Loc EndOffset="2485" SrcFileId="6" StartOffset="2369"/>
</LocList>
</CondStmnt>
</StmntSeq>
<Keyword EndOffset="2279" SrcFileId="6" StartOffset="2277"/>
<LocList>
<Loc EndOffset="2503" SrcFileId="6" StartOffset="2277"/>
</LocList>
</LoopStmnt>
</StmntSeq>
</HierarchyLvl>
<HierarchyLvl HierarchyLvlId="37" HierarchyLvlTypeId="12" Intrnl_Id="296" Name="checkForWin">
<Header>
<Loc EndOffset="2541" SrcFileId="6" StartOffset="2513"/>
</Header>
<LocList>
<Loc EndOffset="3539" SrcFileId="6" StartOffset="2513"/>
</LocList>
<StmntSeq Intrnl_Id="297">
<LocList>
<Loc EndOffset="2802" SrcFileId="6" StartOffset="2547"/>
<Loc EndOffset="3060" SrcFileId="6" StartOffset="2807"/>
<Loc EndOffset="3287" SrcFileId="6" StartOffset="3068"/>
<Loc EndOffset="3514" SrcFileId="6" StartOffset="3295"/>
<Loc EndOffset="3535" SrcFileId="6" StartOffset="3522"/>
</LocList>
<LoopStmnt CovItemId="S65" CovItemPrefix="tictactoe.Controller.Game.java" Intrnl_Id="298" MltplExecId="L2-2" MltplExecPrefix="tictactoe.Controller.Game.java" NvrExecId="L2-0" NvrExecPrefix="tictactoe.Controller.Game.java" OnceExecutedId="L2-1" OnceExecutedPrefix="tictactoe.Controller.Game.java" OptBodyExec="true">
<StmntSeq Intrnl_Id="299">
<LocList>
<Loc EndOffset="2797" SrcFileId="6" StartOffset="2574"/>
</LocList>
<CondStmnt CovItemId="S66" CovItemPrefix="tictactoe.Controller.Game.java" Intrnl_Id="300">
<Branch CovItemId="B21" CovItemPrefix="tictactoe.Controller.Game.java" Implct="false" Intrnl_Id="301">
<Cond/>
<LocList>
<Loc EndOffset="2797" SrcFileId="6" StartOffset="2785"/>
</LocList>
<StmntSeq Intrnl_Id="302">
<LocList>
<Loc EndOffset="2797" SrcFileId="6" StartOffset="2785"/>
</LocList>
<BasicStmnt CovItemId="S67" CovItemPrefix="tictactoe.Controller.Game.java" Intrnl_Id="303">
<LocList>
<Loc EndOffset="2797" SrcFileId="6" StartOffset="2785"/>
</LocList>
</BasicStmnt>
</StmntSeq>
</Branch>
<Branch CovItemId="B22" CovItemPrefix="tictactoe.Controller.Game.java" Implct="true" Intrnl_Id="304">
<Cond/>
<LocList/>
<StmntSeq Intrnl_Id="305">
<LocList/>
</StmntSeq>
</Branch>
<Keyword EndOffset="2576" SrcFileId="6" StartOffset="2574"/>
<LocList>
<Loc EndOffset="2797" SrcFileId="6" StartOffset="2574"/>
</LocList>
<RootTerm CovItemId="C9" CovItemPrefix="tictactoe.Controller.Game.java" Intrnl_Id="306">
<OpTerm BooleanOpId="7" Intrnl_Id="307">
<OpTerm BooleanOpId="7" Intrnl_Id="308">
<BasicBoolTerm Intrnl_Id="309">
<LocList>
<Loc EndOffset="2643" SrcFileId="6" StartOffset="2577"/>
</LocList>
</BasicBoolTerm>
<BasicBoolTerm Intrnl_Id="310">
<LocList>
<Loc EndOffset="2718" SrcFileId="6" StartOffset="2652"/>
</LocList>
</BasicBoolTerm>
<LocList>
<Loc EndOffset="2651" SrcFileId="6" StartOffset="2649"/>
</LocList>
</OpTerm>
<BasicBoolTerm Intrnl_Id="311">
<LocList>
<Loc EndOffset="2778" SrcFileId="6" StartOffset="2727"/>
</LocList>
</BasicBoolTerm>
<LocList>
<Loc EndOffset="2726" SrcFileId="6" StartOffset="2724"/>
</LocList>
</OpTerm>
</RootTerm>
</CondStmnt>
</StmntSeq>
<Keyword EndOffset="2550" SrcFileId="6" StartOffset="2547"/>
<LocList>
<Loc EndOffset="2802" SrcFileId="6" StartOffset="2547"/>
</LocList>
<RootTerm CovItemId="C8" CovItemPrefix="tictactoe.Controller.Game.java" Intrnl_Id="312">
<BasicBoolTerm Intrnl_Id="313">
<LocList>
<Loc EndOffset="2562" SrcFileId="6" StartOffset="2559"/>
</LocList>
</BasicBoolTerm>
</RootTerm>
</LoopStmnt>
<LoopStmnt CovItemId="S68" CovItemPrefix="tictactoe.Controller.Game.java" Intrnl_Id="314" MltplExecId="L3-2" MltplExecPrefix="tictactoe.Controller.Game.java" NvrExecId="L3-0" NvrExecPrefix="tictactoe.Controller.Game.java" OnceExecutedId="L3-1" OnceExecutedPrefix="tictactoe.Controller.Game.java" OptBodyExec="true">
<StmntSeq Intrnl_Id="315">
<LocList>
<Loc EndOffset="3055" SrcFileId="6" StartOffset="2834"/>
</LocList>
<CondStmnt CovItemId="S69" CovItemPrefix="tictactoe.Controller.Game.java" Intrnl_Id="316">
<Branch CovItemId="B23" CovItemPrefix="tictactoe.Controller.Game.java" Implct="false" Intrnl_Id="317">
<Cond/>
<LocList>
<Loc EndOffset="3055" SrcFileId="6" StartOffset="3043"/>
</LocList>
<StmntSeq Intrnl_Id="318">
<LocList>
<Loc EndOffset="3055" SrcFileId="6" StartOffset="3043"/>
</LocList>
<BasicStmnt CovItemId="S70" CovItemPrefix="tictactoe.Controller.Game.java" Intrnl_Id="319">
<LocList>
<Loc EndOffset="3055" SrcFileId="6" StartOffset="3043"/>
</LocList>
</BasicStmnt>
</StmntSeq>
</Branch>
<Branch CovItemId="B24" CovItemPrefix="tictactoe.Controller.Game.java" Implct="true" Intrnl_Id="320">
<Cond/>
<LocList/>
<StmntSeq Intrnl_Id="321">
<LocList/>
</StmntSeq>
</Branch>
<Keyword EndOffset="2836" SrcFileId="6" StartOffset="2834"/>
<LocList>
<Loc EndOffset="3055" SrcFileId="6" StartOffset="2834"/>
</LocList>
<RootTerm CovItemId="C11" CovItemPrefix="tictactoe.Controller.Game.java" Intrnl_Id="322">
<OpTerm BooleanOpId="7" Intrnl_Id="323">
<OpTerm BooleanOpId="7" Intrnl_Id="324">
<BasicBoolTerm Intrnl_Id="325">
<LocList>
<Loc EndOffset="2903" SrcFileId="6" StartOffset="2837"/>
</LocList>
</BasicBoolTerm>
<BasicBoolTerm Intrnl_Id="326">
<LocList>
<Loc EndOffset="2978" SrcFileId="6" StartOffset="2912"/>
</LocList>
</BasicBoolTerm>
<LocList>
<Loc EndOffset="2911" SrcFileId="6" StartOffset="2909"/>
</LocList>
</OpTerm>
<BasicBoolTerm Intrnl_Id="327">
<LocList>
<Loc EndOffset="3038" SrcFileId="6" StartOffset="2987"/>
</LocList>
</BasicBoolTerm>
<LocList>
<Loc EndOffset="2986" SrcFileId="6" StartOffset="2984"/>
</LocList>
</OpTerm>
</RootTerm>
</CondStmnt>
</StmntSeq>
<Keyword EndOffset="2810" SrcFileId="6" StartOffset="2807"/>
<LocList>
<Loc EndOffset="3060" SrcFileId="6" StartOffset="2807"/>
</LocList>
<RootTerm CovItemId="C10" CovItemPrefix="tictactoe.Controller.Game.java" Intrnl_Id="328">
<BasicBoolTerm Intrnl_Id="329">
<LocList>
<Loc EndOffset="2822" SrcFileId="6" StartOffset="2819"/>
</LocList>
</BasicBoolTerm>
</RootTerm>
</LoopStmnt>
<CondStmnt CovItemId="S71" CovItemPrefix="tictactoe.Controller.Game.java" Intrnl_Id="330">
<Branch CovItemId="B25" CovItemPrefix="tictactoe.Controller.Game.java" Implct="false" Intrnl_Id="331">
<Cond/>
<LocList>
<Loc EndOffset="3287" SrcFileId="6" StartOffset="3275"/>
</LocList>
<StmntSeq Intrnl_Id="332">
<LocList>
<Loc EndOffset="3287" SrcFileId="6" StartOffset="3275"/>
</LocList>
<BasicStmnt CovItemId="S72" CovItemPrefix="tictactoe.Controller.Game.java" Intrnl_Id="333">
<LocList>
<Loc EndOffset="3287" SrcFileId="6" StartOffset="3275"/>
</LocList>
</BasicStmnt>
</StmntSeq>
</Branch>
<Branch CovItemId="B26" CovItemPrefix="tictactoe.Controller.Game.java" Implct="true" Intrnl_Id="334">
<Cond/>
<LocList/>
<StmntSeq Intrnl_Id="335">
<LocList/>
</StmntSeq>
</Branch>
<Keyword EndOffset="3070" SrcFileId="6" StartOffset="3068"/>
<LocList>
<Loc EndOffset="3287" SrcFileId="6" StartOffset="3068"/>
</LocList>
<RootTerm CovItemId="C12" CovItemPrefix="tictactoe.Controller.Game.java" Intrnl_Id="336">
<OpTerm BooleanOpId="7" Intrnl_Id="337">
<OpTerm BooleanOpId="7" Intrnl_Id="338">
<BasicBoolTerm Intrnl_Id="339">
<LocList>
<Loc EndOffset="3137" SrcFileId="6" StartOffset="3071"/>
</LocList>
</BasicBoolTerm>
<BasicBoolTerm Intrnl_Id="340">
<LocList>
<Loc EndOffset="3211" SrcFileId="6" StartOffset="3145"/>
</LocList>
</BasicBoolTerm>
<LocList>
<Loc EndOffset="3144" SrcFileId="6" StartOffset="3142"/>
</LocList>
</OpTerm>
<BasicBoolTerm Intrnl_Id="341">
<LocList>
<Loc EndOffset="3269" SrcFileId="6" StartOffset="3218"/>
</LocList>
</BasicBoolTerm>
<LocList>
<Loc EndOffset="3217" SrcFileId="6" StartOffset="3215"/>
</LocList>
</OpTerm>
</RootTerm>
</CondStmnt>
<CondStmnt CovItemId="S73" CovItemPrefix="tictactoe.Controller.Game.java" Intrnl_Id="342">
<Branch CovItemId="B27" CovItemPrefix="tictactoe.Controller.Game.java" Implct="false" Intrnl_Id="343">
<Cond/>
<LocList>
<Loc EndOffset="3514" SrcFileId="6" StartOffset="3502"/>
</LocList>
<StmntSeq Intrnl_Id="344">
<LocList>
<Loc EndOffset="3514" SrcFileId="6" StartOffset="3502"/>
</LocList>
<BasicStmnt CovItemId="S74" CovItemPrefix="tictactoe.Controller.Game.java" Intrnl_Id="345">
<LocList>
<Loc EndOffset="3514" SrcFileId="6" StartOffset="3502"/>
</LocList>
</BasicStmnt>
</StmntSeq>
</Branch>
<Branch CovItemId="B28" CovItemPrefix="tictactoe.Controller.Game.java" Implct="true" Intrnl_Id="346">
<Cond/>
<LocList/>
<StmntSeq Intrnl_Id="347">
<LocList/>
</StmntSeq>
</Branch>
<Keyword EndOffset="3297" SrcFileId="6" StartOffset="3295"/>
<LocList>
<Loc EndOffset="3514" SrcFileId="6" StartOffset="3295"/>
</LocList>
<RootTerm CovItemId="C13" CovItemPrefix="tictactoe.Controller.Game.java" Intrnl_Id="348">
<OpTerm BooleanOpId="7" Intrnl_Id="349">
<OpTerm BooleanOpId="7" Intrnl_Id="350">
<BasicBoolTerm Intrnl_Id="351">
<LocList>
<Loc EndOffset="3364" SrcFileId="6" StartOffset="3298"/>
</LocList>
</BasicBoolTerm>
<BasicBoolTerm Intrnl_Id="352">
<LocList>
<Loc EndOffset="3438" SrcFileId="6" StartOffset="3372"/>
</LocList>
</BasicBoolTerm>
<LocList>
<Loc EndOffset="3371" SrcFileId="6" StartOffset="3369"/>
</LocList>
</OpTerm>
<BasicBoolTerm Intrnl_Id="353">
<LocList>
<Loc EndOffset="3496" SrcFileId="6" StartOffset="3445"/>
</LocList>
</BasicBoolTerm>
<LocList>
<Loc EndOffset="3444" SrcFileId="6" StartOffset="3442"/>
</LocList>
</OpTerm>
</RootTerm>
</CondStmnt>
<BasicStmnt CovItemId="S75" CovItemPrefix="tictactoe.Controller.Game.java" Intrnl_Id="354">
<LocList>
<Loc EndOffset="3535" SrcFileId="6" StartOffset="3522"/>
</LocList>
</BasicStmnt>
</StmntSeq>
</HierarchyLvl>
<HierarchyLvl HierarchyLvlId="38" HierarchyLvlTypeId="12" Intrnl_Id="355" Name="isTie">
<Header>
<Loc EndOffset="3567" SrcFileId="6" StartOffset="3545"/>
</Header>
<LocList>
<Loc EndOffset="3789" SrcFileId="6" StartOffset="3545"/>
</LocList>
<StmntSeq Intrnl_Id="356">
<LocList>
<Loc EndOffset="3714" SrcFileId="6" StartOffset="3573"/>
<Loc EndOffset="3785" SrcFileId="6" StartOffset="3718"/>
</LocList>
<LoopStmnt CovItemId="S76" CovItemPrefix="tictactoe.Controller.Game.java" Intrnl_Id="357" MltplExecId="L4-2" MltplExecPrefix="tictactoe.Controller.Game.java" NvrExecId="L4-0" NvrExecPrefix="tictactoe.Controller.Game.java" OnceExecutedId="L4-1" OnceExecutedPrefix="tictactoe.Controller.Game.java" OptBodyExec="true">
<StmntSeq Intrnl_Id="358">
<LocList>
<Loc EndOffset="3709" SrcFileId="6" StartOffset="3600"/>
</LocList>
<LoopStmnt CovItemId="S77" CovItemPrefix="tictactoe.Controller.Game.java" Intrnl_Id="359" MltplExecId="L5-2" MltplExecPrefix="tictactoe.Controller.Game.java" NvrExecId="L5-0" NvrExecPrefix="tictactoe.Controller.Game.java" OnceExecutedId="L5-1" OnceExecutedPrefix="tictactoe.Controller.Game.java" OptBodyExec="true">
<StmntSeq Intrnl_Id="360">
<LocList>
<Loc EndOffset="3703" SrcFileId="6" StartOffset="3628"/>
</LocList>
<CondStmnt CovItemId="S78" CovItemPrefix="tictactoe.Controller.Game.java" Intrnl_Id="361">
<Branch CovItemId="B29" CovItemPrefix="tictactoe.Controller.Game.java" Implct="false" Intrnl_Id="362">
<Cond/>
<LocList>
<Loc EndOffset="3703" SrcFileId="6" StartOffset="3690"/>
</LocList>
<StmntSeq Intrnl_Id="363">
<LocList>
<Loc EndOffset="3703" SrcFileId="6" StartOffset="3690"/>
</LocList>
<BasicStmnt CovItemId="S79" CovItemPrefix="tictactoe.Controller.Game.java" Intrnl_Id="364">
<LocList>
<Loc EndOffset="3703" SrcFileId="6" StartOffset="3690"/>
</LocList>
</BasicStmnt>
</StmntSeq>
</Branch>
<Branch CovItemId="B30" CovItemPrefix="tictactoe.Controller.Game.java" Implct="true" Intrnl_Id="365">
<Cond/>
<LocList/>
<StmntSeq Intrnl_Id="366">
<LocList/>
</StmntSeq>
</Branch>
<Keyword EndOffset="3630" SrcFileId="6" StartOffset="3628"/>
<LocList>
<Loc EndOffset="3703" SrcFileId="6" StartOffset="3628"/>
</LocList>
<RootTerm CovItemId="C16" CovItemPrefix="tictactoe.Controller.Game.java" Intrnl_Id="367">
<BasicBoolTerm Intrnl_Id="368">
<LocList>
<Loc EndOffset="3682" SrcFileId="6" StartOffset="3631"/>
</LocList>
</BasicBoolTerm>
</RootTerm>
</CondStmnt>
</StmntSeq>
<Keyword EndOffset="3603" SrcFileId="6" StartOffset="3600"/>
<LocList>
<Loc EndOffset="3709" SrcFileId="6" StartOffset="3600"/>
</LocList>
<RootTerm CovItemId="C15" CovItemPrefix="tictactoe.Controller.Game.java" Intrnl_Id="369">
<BasicBoolTerm Intrnl_Id="370">
<LocList>
<Loc EndOffset="3615" SrcFileId="6" StartOffset="3612"/>
</LocList>
</BasicBoolTerm>
</RootTerm>
</LoopStmnt>
</StmntSeq>
<Keyword EndOffset="3576" SrcFileId="6" StartOffset="3573"/>
<LocList>
<Loc EndOffset="3714" SrcFileId="6" StartOffset="3573"/>
</LocList>
<RootTerm CovItemId="C14" CovItemPrefix="tictactoe.Controller.Game.java" Intrnl_Id="371">
<BasicBoolTerm Intrnl_Id="372">
<LocList>
<Loc EndOffset="3588" SrcFileId="6" StartOffset="3585"/>
</LocList>
</BasicBoolTerm>
</RootTerm>
</LoopStmnt>
<CondStmnt CovItemId="S80" CovItemPrefix="tictactoe.Controller.Game.java" Intrnl_Id="373">
<Branch CovItemId="B31" CovItemPrefix="tictactoe.Controller.Game.java" Implct="false" Intrnl_Id="374">
<Cond/>
<LocList>
<Loc EndOffset="3760" SrcFileId="6" StartOffset="3736"/>
</LocList>
<StmntSeq Intrnl_Id="375">
<LocList>
<Loc EndOffset="3755" SrcFileId="6" StartOffset="3742"/>
</LocList>
<BasicStmnt CovItemId="S81" CovItemPrefix="tictactoe.Controller.Game.java" Intrnl_Id="376">
<LocList>
<Loc EndOffset="3755" SrcFileId="6" StartOffset="3742"/>
</LocList>
</BasicStmnt>
</StmntSeq>
</Branch>
<Branch CovItemId="B32" CovItemPrefix="tictactoe.Controller.Game.java" Implct="false" Intrnl_Id="377">
<Cond>
<Loc EndOffset="3768" SrcFileId="6" StartOffset="3764"/>
</Cond>
<LocList>
<Loc EndOffset="3785" SrcFileId="6" StartOffset="3773"/>
</LocList>
<StmntSeq Intrnl_Id="378">
<LocList>
<Loc EndOffset="3785" SrcFileId="6" StartOffset="3773"/>
</LocList>
<BasicStmnt CovItemId="S82" CovItemPrefix="tictactoe.Controller.Game.java" Intrnl_Id="379">
<LocList>
<Loc EndOffset="3785" SrcFileId="6" StartOffset="3773"/>
</LocList>
</BasicStmnt>
</StmntSeq>
</Branch>
<Keyword EndOffset="3720" SrcFileId="6" StartOffset="3718"/>
<LocList>
<Loc EndOffset="3785" SrcFileId="6" StartOffset="3718"/>
</LocList>
<RootTerm CovItemId="C17" CovItemPrefix="tictactoe.Controller.Game.java" Intrnl_Id="380">
<BasicBoolTerm Intrnl_Id="381">
<LocList>
<Loc EndOffset="3734" SrcFileId="6" StartOffset="3721"/>
</LocList>
</BasicBoolTerm>
</RootTerm>
</CondStmnt>
</StmntSeq>
</HierarchyLvl>
</HierarchyLvl>
</HierarchyLvl>
<HierarchyLvl HierarchyLvlId="13" HierarchyLvlTypeId="13" Intrnl_Id="382" Name="TicTacToeMain">
<Header>
<Loc EndOffset="114" SrcFileId="2" StartOffset="88"/>
</Header>
<LocList>
<Loc EndOffset="301" SrcFileId="2" StartOffset="88"/>
</LocList>
<HierarchyLvl HierarchyLvlId="11" HierarchyLvlTypeId="12" Intrnl_Id="383" Name="main">
<Header>
<Loc EndOffset="160" SrcFileId="2" StartOffset="122"/>
</Header>
<LocList>
<Loc EndOffset="219" SrcFileId="2" StartOffset="122"/>
</LocList>
<StmntSeq Intrnl_Id="384">
<LocList>
<Loc EndOffset="215" SrcFileId="2" StartOffset="166"/>
</LocList>
<BasicStmnt CovItemId="S1" CovItemPrefix="tictactoe.TicTacToeMain.java" Intrnl_Id="385">
<LocList>
<Loc EndOffset="215" SrcFileId="2" StartOffset="166"/>
</LocList>
</BasicStmnt>
</StmntSeq>
</HierarchyLvl>
<HierarchyLvl HierarchyLvlId="12" HierarchyLvlTypeId="12" Intrnl_Id="386" Name="launch">
<Header>
<Loc EndOffset="251" SrcFileId="2" StartOffset="225"/>
</Header>
<LocList>
<Loc EndOffset="295" SrcFileId="2" StartOffset="225"/>
</LocList>
<StmntSeq Intrnl_Id="387">
<LocList>
<Loc EndOffset="291" SrcFileId="2" StartOffset="257"/>
</LocList>
<LoopStmnt CovItemId="S2" CovItemPrefix="tictactoe.TicTacToeMain.java" Intrnl_Id="388" MltplExecId="L1-2" MltplExecPrefix="tictactoe.TicTacToeMain.java" NvrExecId="L1-0" NvrExecPrefix="tictactoe.TicTacToeMain.java" OnceExecutedId="L1-1" OnceExecutedPrefix="tictactoe.TicTacToeMain.java" OptBodyExec="true">
<StmntSeq Intrnl_Id="389">
<LocList>
<Loc EndOffset="291" SrcFileId="2" StartOffset="282"/>
</LocList>
<BasicStmnt CovItemId="S3" CovItemPrefix="tictactoe.TicTacToeMain.java" Intrnl_Id="390">
<LocList>
<Loc EndOffset="291" SrcFileId="2" StartOffset="282"/>
</LocList>
</BasicStmnt>
</StmntSeq>
<Keyword EndOffset="262" SrcFileId="2" StartOffset="257"/>
<LocList>
<Loc EndOffset="291" SrcFileId="2" StartOffset="257"/>
</LocList>
<RootTerm CovItemId="C1" CovItemPrefix="tictactoe.TicTacToeMain.java" Intrnl_Id="391">
<BasicBoolTerm Intrnl_Id="392">
<LocList>
<Loc EndOffset="276" SrcFileId="2" StartOffset="263"/>
</LocList>
</BasicBoolTerm>
</RootTerm>
</LoopStmnt>
</StmntSeq>
</HierarchyLvl>
</HierarchyLvl>
</HierarchyLvl>
</HierarchyLvl>
</MASTRoot>
</TestSessionContainer>
